{"/home/travis/build/npmtest/node-npmtest-react-native-fetch-blob/test.js":{"path":"/home/travis/build/npmtest/node-npmtest-react-native-fetch-blob/test.js","s":{"1":2,"2":2,"3":2,"4":2,"5":2,"6":2,"7":2,"8":1,"9":2,"10":2,"11":1,"12":1,"13":1,"14":1,"15":2,"16":2,"17":2,"18":2,"19":1,"20":1,"21":2,"22":2,"23":2,"24":1,"25":1,"26":1,"27":1,"28":1,"29":1,"30":1,"31":1,"32":1,"33":1,"34":1,"35":1,"36":1,"37":1,"38":1,"39":2,"40":2,"41":1,"42":2,"43":2,"44":1,"45":2,"46":2,"47":1,"48":2,"49":2,"50":1,"51":1,"52":1,"53":1,"54":1},"b":{"1":[2,1,1,1],"2":[1,1,1,1],"3":[1,1],"4":[1,1],"5":[1,1],"6":[1,1],"7":[1,1],"8":[1,1],"9":[1,1],"10":[1,1,1],"11":[1,1],"12":[1,1],"13":[1,1],"14":[1,1],"15":[1,1],"16":[1,1],"17":[1,1]},"f":{"1":2,"2":2,"3":2,"4":2,"5":2,"6":1,"7":1,"8":1,"9":2,"10":2,"11":2,"12":2,"13":1},"fnMap":{"1":{"name":"(anonymous_1)","line":12,"loc":{"start":{"line":12,"column":1},"end":{"line":12,"column":13}}},"2":{"name":"(anonymous_2)","line":19,"loc":{"start":{"line":19,"column":5},"end":{"line":19,"column":17}}},"3":{"name":"(anonymous_3)","line":23,"loc":{"start":{"line":23,"column":24},"end":{"line":23,"column":36}}},"4":{"name":"(anonymous_4)","line":61,"loc":{"start":{"line":61,"column":5},"end":{"line":61,"column":17}}},"5":{"name":"(anonymous_5)","line":82,"loc":{"start":{"line":82,"column":5},"end":{"line":82,"column":17}}},"6":{"name":"(anonymous_6)","line":91,"loc":{"start":{"line":91,"column":77},"end":{"line":94,"column":10}}},"7":{"name":"(anonymous_7)","line":112,"loc":{"start":{"line":112,"column":83},"end":{"line":115,"column":10}},"skip":true},"8":{"name":"(anonymous_8)","line":123,"loc":{"start":{"line":123,"column":77},"end":{"line":126,"column":10}},"skip":true},"9":{"name":"(anonymous_9)","line":139,"loc":{"start":{"line":139,"column":12},"end":{"line":139,"column":40}},"skip":true},"10":{"name":"(anonymous_10)","line":147,"loc":{"start":{"line":147,"column":77},"end":{"line":150,"column":10}},"skip":true},"11":{"name":"(anonymous_11)","line":158,"loc":{"start":{"line":158,"column":83},"end":{"line":161,"column":10}},"skip":true},"12":{"name":"(anonymous_12)","line":169,"loc":{"start":{"line":169,"column":79},"end":{"line":172,"column":10}},"skip":true},"13":{"name":"(anonymous_13)","line":180,"loc":{"start":{"line":180,"column":75},"end":{"line":183,"column":10}},"skip":true}},"statementMap":{"1":{"start":{"line":12,"column":0},"end":{"line":195,"column":5}},"2":{"start":{"line":14,"column":4},"end":{"line":14,"column":14}},"3":{"start":{"line":19,"column":4},"end":{"line":56,"column":9}},"4":{"start":{"line":21,"column":8},"end":{"line":21,"column":19}},"5":{"start":{"line":23,"column":8},"end":{"line":35,"column":13}},"6":{"start":{"line":24,"column":12},"end":{"line":34,"column":13}},"7":{"start":{"line":25,"column":16},"end":{"line":28,"column":30}},"8":{"start":{"line":30,"column":16},"end":{"line":33,"column":27}},"9":{"start":{"line":37,"column":8},"end":{"line":39,"column":21}},"10":{"start":{"line":40,"column":8},"end":{"line":53,"column":9}},"11":{"start":{"line":43,"column":12},"end":{"line":46,"column":14}},"12":{"start":{"line":47,"column":12},"end":{"line":47,"column":18}},"13":{"start":{"line":50,"column":12},"end":{"line":51,"column":33}},"14":{"start":{"line":52,"column":12},"end":{"line":52,"column":18}},"15":{"start":{"line":55,"column":8},"end":{"line":55,"column":35}},"16":{"start":{"line":61,"column":4},"end":{"line":63,"column":9}},"17":{"start":{"line":62,"column":8},"end":{"line":62,"column":15}},"18":{"start":{"line":64,"column":4},"end":{"line":77,"column":5}},"19":{"start":{"line":70,"column":8},"end":{"line":70,"column":14}},"20":{"start":{"line":76,"column":8},"end":{"line":76,"column":14}},"21":{"start":{"line":82,"column":4},"end":{"line":84,"column":9}},"22":{"start":{"line":83,"column":8},"end":{"line":83,"column":15}},"23":{"start":{"line":85,"column":4},"end":{"line":194,"column":5}},"24":{"start":{"line":91,"column":8},"end":{"line":99,"column":10}},"25":{"start":{"line":98,"column":12},"end":{"line":98,"column":35}},"26":{"start":{"line":102,"column":8},"end":{"line":104,"column":63}},"27":{"start":{"line":105,"column":8},"end":{"line":105,"column":14}},"28":{"start":{"line":112,"column":8},"end":{"line":121,"column":10},"skip":true},"29":{"start":{"line":119,"column":12},"end":{"line":119,"column":55},"skip":true},"30":{"start":{"line":120,"column":12},"end":{"line":120,"column":48},"skip":true},"31":{"start":{"line":123,"column":8},"end":{"line":136,"column":10},"skip":true},"32":{"start":{"line":130,"column":12},"end":{"line":130,"column":76},"skip":true},"33":{"start":{"line":131,"column":12},"end":{"line":131,"column":73},"skip":true},"34":{"start":{"line":132,"column":12},"end":{"line":132,"column":74},"skip":true},"35":{"start":{"line":133,"column":12},"end":{"line":133,"column":79},"skip":true},"36":{"start":{"line":134,"column":12},"end":{"line":134,"column":25},"skip":true},"37":{"start":{"line":135,"column":12},"end":{"line":135,"column":45},"skip":true},"38":{"start":{"line":138,"column":8},"end":{"line":145,"column":14},"skip":true},"39":{"start":{"line":143,"column":16},"end":{"line":143,"column":29},"skip":true},"40":{"start":{"line":144,"column":16},"end":{"line":144,"column":55},"skip":true},"41":{"start":{"line":147,"column":8},"end":{"line":156,"column":10},"skip":true},"42":{"start":{"line":154,"column":12},"end":{"line":154,"column":25},"skip":true},"43":{"start":{"line":155,"column":12},"end":{"line":155,"column":45},"skip":true},"44":{"start":{"line":158,"column":8},"end":{"line":167,"column":10},"skip":true},"45":{"start":{"line":165,"column":12},"end":{"line":165,"column":25},"skip":true},"46":{"start":{"line":166,"column":12},"end":{"line":166,"column":48},"skip":true},"47":{"start":{"line":169,"column":8},"end":{"line":178,"column":10},"skip":true},"48":{"start":{"line":176,"column":12},"end":{"line":176,"column":25},"skip":true},"49":{"start":{"line":177,"column":12},"end":{"line":177,"column":46},"skip":true},"50":{"start":{"line":180,"column":8},"end":{"line":189,"column":10},"skip":true},"51":{"start":{"line":187,"column":12},"end":{"line":187,"column":94},"skip":true},"52":{"start":{"line":188,"column":12},"end":{"line":188,"column":48},"skip":true},"53":{"start":{"line":192,"column":8},"end":{"line":192,"column":35},"skip":true},"54":{"start":{"line":193,"column":8},"end":{"line":193,"column":14},"skip":true}},"branchMap":{"1":{"line":25,"type":"binary-expr","locations":[{"start":{"line":25,"column":23},"end":{"line":25,"column":62}},{"start":{"line":26,"column":20},"end":{"line":26,"column":70}},{"start":{"line":27,"column":20},"end":{"line":27,"column":71}},{"start":{"line":28,"column":20},"end":{"line":28,"column":29}}]},"2":{"line":30,"type":"binary-expr","locations":[{"start":{"line":30,"column":23},"end":{"line":30,"column":37}},{"start":{"line":31,"column":20},"end":{"line":31,"column":61}},{"start":{"line":32,"column":20},"end":{"line":32,"column":70}},{"start":{"line":33,"column":20},"end":{"line":33,"column":26}}]},"3":{"line":37,"type":"cond-expr","locations":[{"start":{"line":38,"column":14},"end":{"line":38,"column":20}},{"start":{"line":39,"column":14},"end":{"line":39,"column":20}}]},"4":{"line":40,"type":"switch","locations":[{"start":{"line":42,"column":8},"end":{"line":47,"column":18}},{"start":{"line":49,"column":8},"end":{"line":52,"column":18}}]},"5":{"line":44,"type":"binary-expr","locations":[{"start":{"line":44,"column":16},"end":{"line":44,"column":44}},{"start":{"line":44,"column":48},"end":{"line":44,"column":66}}]},"6":{"line":50,"type":"binary-expr","locations":[{"start":{"line":50,"column":21},"end":{"line":50,"column":49}},{"start":{"line":50,"column":53},"end":{"line":50,"column":72}}]},"7":{"line":64,"type":"switch","locations":[{"start":{"line":69,"column":4},"end":{"line":70,"column":14}},{"start":{"line":75,"column":4},"end":{"line":76,"column":14}}]},"8":{"line":85,"type":"switch","locations":[{"start":{"line":90,"column":4},"end":{"line":105,"column":14}},{"start":{"line":111,"column":4},"end":{"line":193,"column":14},"skip":true}]},"9":{"line":91,"type":"binary-expr","locations":[{"start":{"line":91,"column":42},"end":{"line":91,"column":73}},{"start":{"line":91,"column":77},"end":{"line":99,"column":9}}]},"10":{"line":102,"type":"binary-expr","locations":[{"start":{"line":102,"column":18},"end":{"line":102,"column":32}},{"start":{"line":103,"column":12},"end":{"line":103,"column":53}},{"start":{"line":104,"column":12},"end":{"line":104,"column":61}}]},"11":{"line":112,"type":"binary-expr","locations":[{"start":{"line":112,"column":45},"end":{"line":112,"column":79},"skip":true},{"start":{"line":112,"column":83},"end":{"line":121,"column":9},"skip":true}]},"12":{"line":123,"type":"binary-expr","locations":[{"start":{"line":123,"column":42},"end":{"line":123,"column":73},"skip":true},{"start":{"line":123,"column":77},"end":{"line":136,"column":9},"skip":true}]},"13":{"line":138,"type":"binary-expr","locations":[{"start":{"line":138,"column":48},"end":{"line":138,"column":85},"skip":true},{"start":{"line":139,"column":12},"end":{"line":145,"column":13},"skip":true}]},"14":{"line":147,"type":"binary-expr","locations":[{"start":{"line":147,"column":42},"end":{"line":147,"column":73},"skip":true},{"start":{"line":147,"column":77},"end":{"line":156,"column":9},"skip":true}]},"15":{"line":158,"type":"binary-expr","locations":[{"start":{"line":158,"column":45},"end":{"line":158,"column":79},"skip":true},{"start":{"line":158,"column":83},"end":{"line":167,"column":9},"skip":true}]},"16":{"line":169,"type":"binary-expr","locations":[{"start":{"line":169,"column":43},"end":{"line":169,"column":75},"skip":true},{"start":{"line":169,"column":79},"end":{"line":178,"column":9},"skip":true}]},"17":{"line":180,"type":"binary-expr","locations":[{"start":{"line":180,"column":41},"end":{"line":180,"column":71},"skip":true},{"start":{"line":180,"column":75},"end":{"line":189,"column":9},"skip":true}]}},"code":["/* istanbul instrument in package npmtest_react_native_fetch_blob */","/*jslint","    bitwise: true,","    browser: true,","    maxerr: 8,","    maxlen: 96,","    node: true,","    nomen: true,","    regexp: true,","    stupid: true","*/","(function () {","    'use strict';","    var local;","","","","    // run shared js-env code - init-before","    (function () {","        // init local","        local = {};","        // init modeJs","        local.modeJs = (function () {","            try {","                return typeof navigator.userAgent === 'string' &&","                    typeof document.querySelector('body') === 'object' &&","                    typeof XMLHttpRequest.prototype.open === 'function' &&","                    'browser';","            } catch (errorCaughtBrowser) {","                return module.exports &&","                    typeof process.versions.node === 'string' &&","                    typeof require('http').createServer === 'function' &&","                    'node';","            }","        }());","        // init global","        local.global = local.modeJs === 'browser'","            ? window","            : global;","        switch (local.modeJs) {","        // re-init local from window.local","        case 'browser':","            local = local.global.utility2.objectSetDefault(","                local.global.utility2_rollup || local.global.local,","                local.global.utility2","            );","            break;","        // re-init local from example.js","        case 'node':","            local = (local.global.utility2_rollup || require('utility2'))","                .requireReadme();","            break;","        }","        // export local","        local.global.local = local;","    }());","","","","    // run shared js-env code - function","    (function () {","        return;","    }());","    switch (local.modeJs) {","","","","    // run browser js-env code - function","    case 'browser':","        break;","","","","    // run node js-env code - function","    case 'node':","        break;","    }","","","","    // run shared js-env code - init-after","    (function () {","        return;","    }());","    switch (local.modeJs) {","","","","    // run browser js-env code - init-after","    case 'browser':","        local.testCase_browser_nullCase = local.testCase_browser_nullCase || function (","            options,","            onError","        ) {","        /*","         * this function will test browsers's null-case handling-behavior-behavior","         */","            onError(null, options);","        };","","        // run tests","        local.nop(local.modeTest &&","            document.querySelector('#testRunButton1') &&","            document.querySelector('#testRunButton1').click());","        break;","","","","    // run node js-env code - init-after","    /* istanbul ignore next */","    case 'node':","        local.testCase_buildApidoc_default = local.testCase_buildApidoc_default || function (","            options,","            onError","        ) {","        /*","         * this function will test buildApidoc's default handling-behavior-behavior","         */","            options = { modulePathList: module.paths };","            local.buildApidoc(options, onError);","        };","","        local.testCase_buildApp_default = local.testCase_buildApp_default || function (","            options,","            onError","        ) {","        /*","         * this function will test buildApp's default handling-behavior-behavior","         */","            local.testCase_buildReadme_default(options, local.onErrorThrow);","            local.testCase_buildLib_default(options, local.onErrorThrow);","            local.testCase_buildTest_default(options, local.onErrorThrow);","            local.testCase_buildCustomOrg_default(options, local.onErrorThrow);","            options = [];","            local.buildApp(options, onError);","        };","","        local.testCase_buildCustomOrg_default = local.testCase_buildCustomOrg_default ||","            function (options, onError) {","            /*","             * this function will test buildCustomOrg's default handling-behavior","             */","                options = {};","                local.buildCustomOrg(options, onError);","            };","","        local.testCase_buildLib_default = local.testCase_buildLib_default || function (","            options,","            onError","        ) {","        /*","         * this function will test buildLib's default handling-behavior","         */","            options = {};","            local.buildLib(options, onError);","        };","","        local.testCase_buildReadme_default = local.testCase_buildReadme_default || function (","            options,","            onError","        ) {","        /*","         * this function will test buildReadme's default handling-behavior-behavior","         */","            options = {};","            local.buildReadme(options, onError);","        };","","        local.testCase_buildTest_default = local.testCase_buildTest_default || function (","            options,","            onError","        ) {","        /*","         * this function will test buildTest's default handling-behavior","         */","            options = {};","            local.buildTest(options, onError);","        };","","        local.testCase_webpage_default = local.testCase_webpage_default || function (","            options,","            onError","        ) {","        /*","         * this function will test webpage's default handling-behavior","         */","            options = { modeCoverageMerge: true, url: local.serverLocalHost + '?modeTest=1' };","            local.browserTest(options, onError);","        };","","        // run test-server","        local.testRunServer(local);","        break;","    }","}());",""],"l":{"12":2,"14":2,"19":2,"21":2,"23":2,"24":2,"25":2,"30":1,"37":2,"40":2,"43":1,"47":1,"50":1,"52":1,"55":2,"61":2,"62":2,"64":2,"70":1,"76":1,"82":2,"83":2,"85":2,"91":1,"98":1,"102":1,"105":1,"112":1,"119":1,"120":1,"123":1,"130":1,"131":1,"132":1,"133":1,"134":1,"135":1,"138":1,"143":2,"144":2,"147":1,"154":2,"155":2,"158":1,"165":2,"166":2,"169":1,"176":2,"177":2,"180":1,"187":1,"188":1,"192":1,"193":1}},"/home/travis/build/npmtest/node-npmtest-react-native-fetch-blob/lib.npmtest_react_native_fetch_blob.js":{"path":"/home/travis/build/npmtest/node-npmtest-react-native-fetch-blob/lib.npmtest_react_native_fetch_blob.js","s":{"1":2,"2":2,"3":2,"4":2,"5":2,"6":2,"7":2,"8":1,"9":2,"10":2,"11":2,"12":2,"13":1,"14":1,"15":1,"16":1},"b":{"1":[2,1,1,1],"2":[1,1,1,1],"3":[1,1],"4":[2,2],"5":[1,1]},"f":{"1":2,"2":2,"3":2},"fnMap":{"1":{"name":"(anonymous_1)","line":12,"loc":{"start":{"line":12,"column":1},"end":{"line":12,"column":13}}},"2":{"name":"(anonymous_2)","line":19,"loc":{"start":{"line":19,"column":5},"end":{"line":19,"column":17}}},"3":{"name":"(anonymous_3)","line":23,"loc":{"start":{"line":23,"column":24},"end":{"line":23,"column":36}}}},"statementMap":{"1":{"start":{"line":12,"column":0},"end":{"line":53,"column":5}},"2":{"start":{"line":14,"column":4},"end":{"line":14,"column":14}},"3":{"start":{"line":19,"column":4},"end":{"line":52,"column":9}},"4":{"start":{"line":21,"column":8},"end":{"line":21,"column":19}},"5":{"start":{"line":23,"column":8},"end":{"line":35,"column":13}},"6":{"start":{"line":24,"column":12},"end":{"line":34,"column":13}},"7":{"start":{"line":25,"column":16},"end":{"line":28,"column":30}},"8":{"start":{"line":30,"column":16},"end":{"line":33,"column":27}},"9":{"start":{"line":37,"column":8},"end":{"line":39,"column":21}},"10":{"start":{"line":41,"column":8},"end":{"line":41,"column":54}},"11":{"start":{"line":43,"column":8},"end":{"line":43,"column":68}},"12":{"start":{"line":45,"column":8},"end":{"line":51,"column":9}},"13":{"start":{"line":46,"column":12},"end":{"line":46,"column":74}},"14":{"start":{"line":48,"column":12},"end":{"line":48,"column":35}},"15":{"start":{"line":49,"column":12},"end":{"line":49,"column":49}},"16":{"start":{"line":50,"column":12},"end":{"line":50,"column":43}}},"branchMap":{"1":{"line":25,"type":"binary-expr","locations":[{"start":{"line":25,"column":23},"end":{"line":25,"column":62}},{"start":{"line":26,"column":20},"end":{"line":26,"column":70}},{"start":{"line":27,"column":20},"end":{"line":27,"column":71}},{"start":{"line":28,"column":20},"end":{"line":28,"column":29}}]},"2":{"line":30,"type":"binary-expr","locations":[{"start":{"line":30,"column":23},"end":{"line":30,"column":37}},{"start":{"line":31,"column":20},"end":{"line":31,"column":61}},{"start":{"line":32,"column":20},"end":{"line":32,"column":70}},{"start":{"line":33,"column":20},"end":{"line":33,"column":26}}]},"3":{"line":37,"type":"cond-expr","locations":[{"start":{"line":38,"column":14},"end":{"line":38,"column":20}},{"start":{"line":39,"column":14},"end":{"line":39,"column":20}}]},"4":{"line":41,"type":"binary-expr","locations":[{"start":{"line":41,"column":16},"end":{"line":41,"column":44}},{"start":{"line":41,"column":48},"end":{"line":41,"column":53}}]},"5":{"line":45,"type":"if","locations":[{"start":{"line":45,"column":8},"end":{"line":45,"column":8}},{"start":{"line":45,"column":8},"end":{"line":45,"column":8}}]}},"code":["/* istanbul instrument in package npmtest_react_native_fetch_blob */","/*jslint","    bitwise: true,","    browser: true,","    maxerr: 8,","    maxlen: 96,","    node: true,","    nomen: true,","    regexp: true,","    stupid: true","*/","(function () {","    'use strict';","    var local;","","","","    // run shared js-env code - init-before","    (function () {","        // init local","        local = {};","        // init modeJs","        local.modeJs = (function () {","            try {","                return typeof navigator.userAgent === 'string' &&","                    typeof document.querySelector('body') === 'object' &&","                    typeof XMLHttpRequest.prototype.open === 'function' &&","                    'browser';","            } catch (errorCaughtBrowser) {","                return module.exports &&","                    typeof process.versions.node === 'string' &&","                    typeof require('http').createServer === 'function' &&","                    'node';","            }","        }());","        // init global","        local.global = local.modeJs === 'browser'","            ? window","            : global;","        // init utility2_rollup","        local = local.global.utility2_rollup || local;","        // init lib","        local.local = local.npmtest_react_native_fetch_blob = local;","        // init exports","        if (local.modeJs === 'browser') {","            local.global.utility2_npmtest_react_native_fetch_blob = local;","        } else {","            module.exports = local;","            module.exports.__dirname = __dirname;","            module.exports.module = module;","        }","    }());","}());",""],"l":{"12":2,"14":2,"19":2,"21":2,"23":2,"24":2,"25":2,"30":1,"37":2,"41":2,"43":2,"45":2,"46":1,"48":1,"49":1,"50":1}},"/home/travis/build/npmtest/node-npmtest-react-native-fetch-blob/example.js":{"path":"/home/travis/build/npmtest/node-npmtest-react-native-fetch-blob/example.js","s":{"1":2,"2":2,"3":2,"4":2,"5":2,"6":2,"7":2,"8":1,"9":2,"10":2,"11":2,"12":2,"13":1,"14":2,"15":2,"16":2,"17":2,"18":2,"19":0,"20":2,"21":1,"22":1,"23":1,"24":1,"25":1,"26":0,"27":0,"28":1,"29":1,"30":2,"31":0,"32":0,"33":0,"34":1,"35":2,"36":2,"37":3,"38":3,"39":3,"40":3,"41":0,"42":3,"43":3,"44":3,"45":1,"46":3,"47":1,"48":1,"49":1,"50":1,"51":1,"52":1,"53":1,"54":1,"55":1,"56":1,"57":0,"58":1,"59":6,"60":6,"61":1,"62":2,"63":0,"64":2,"65":1,"66":1,"67":0,"68":0,"69":0,"70":0,"71":0,"72":0,"73":0,"74":0,"75":0,"76":0,"77":0,"78":0,"79":0,"80":0,"81":0,"82":0,"83":0},"b":{"1":[2,1,1,1],"2":[1,1,1,1],"3":[1,1],"4":[2,2],"5":[1,1],"6":[1,1],"7":[2,0],"8":[2,1,1,1,1,1],"9":[0,2,0],"10":[1,1],"11":[2,1,1],"12":[1,0],"13":[0,2],"14":[2,0,0,0,0,0,0],"15":[0,3],"16":[3,0],"17":[1,1],"18":[0,1],"19":[1,2,0,2],"20":[1,0],"21":[1,1],"22":[0,0],"23":[0,0],"24":[0,0],"25":[0,0],"26":[0,0],"27":[0,0],"28":[0,0]},"f":{"1":2,"2":2,"3":2,"4":2,"5":2,"6":2,"7":3,"8":3,"9":3,"10":1,"11":6,"12":0},"fnMap":{"1":{"name":"(anonymous_1)","line":26,"loc":{"start":{"line":26,"column":1},"end":{"line":26,"column":13}}},"2":{"name":"(anonymous_2)","line":33,"loc":{"start":{"line":33,"column":5},"end":{"line":33,"column":17}}},"3":{"name":"(anonymous_3)","line":37,"loc":{"start":{"line":37,"column":24},"end":{"line":37,"column":36}}},"4":{"name":"(anonymous_4)","line":69,"loc":{"start":{"line":69,"column":31},"end":{"line":69,"column":48}},"skip":true},"5":{"name":"(anonymous_5)","line":78,"loc":{"start":{"line":78,"column":26},"end":{"line":78,"column":45}},"skip":true},"6":{"name":"(anonymous_6)","line":123,"loc":{"start":{"line":123,"column":33},"end":{"line":123,"column":48}},"skip":true},"7":{"name":"(anonymous_7)","line":125,"loc":{"start":{"line":125,"column":27},"end":{"line":125,"column":39}},"skip":true},"8":{"name":"(anonymous_8)","line":133,"loc":{"start":{"line":133,"column":59},"end":{"line":133,"column":74}},"skip":true},"9":{"name":"(anonymous_9)","line":143,"loc":{"start":{"line":143,"column":45},"end":{"line":143,"column":62}},"skip":true},"10":{"name":"(anonymous_10)","line":144,"loc":{"start":{"line":144,"column":73},"end":{"line":144,"column":92}},"skip":true},"11":{"name":"(anonymous_11)","line":272,"loc":{"start":{"line":272,"column":51},"end":{"line":272,"column":77}},"skip":true},"12":{"name":"(anonymous_12)","line":315,"loc":{"start":{"line":315,"column":32},"end":{"line":315,"column":61}},"skip":true}},"statementMap":{"1":{"start":{"line":26,"column":0},"end":{"line":326,"column":5}},"2":{"start":{"line":28,"column":4},"end":{"line":28,"column":14}},"3":{"start":{"line":33,"column":4},"end":{"line":60,"column":9}},"4":{"start":{"line":35,"column":8},"end":{"line":35,"column":19}},"5":{"start":{"line":37,"column":8},"end":{"line":49,"column":13}},"6":{"start":{"line":38,"column":12},"end":{"line":48,"column":13}},"7":{"start":{"line":39,"column":16},"end":{"line":42,"column":30}},"8":{"start":{"line":44,"column":16},"end":{"line":47,"column":27}},"9":{"start":{"line":51,"column":8},"end":{"line":53,"column":21}},"10":{"start":{"line":55,"column":8},"end":{"line":57,"column":45}},"11":{"start":{"line":59,"column":8},"end":{"line":59,"column":35}},"12":{"start":{"line":61,"column":4},"end":{"line":325,"column":5}},"13":{"start":{"line":69,"column":8},"end":{"line":121,"column":10},"skip":true},"14":{"start":{"line":70,"column":12},"end":{"line":88,"column":13},"skip":true},"15":{"start":{"line":76,"column":16},"end":{"line":87,"column":19},"skip":true},"16":{"start":{"line":79,"column":20},"end":{"line":86,"column":21},"skip":true},"17":{"start":{"line":82,"column":24},"end":{"line":82,"column":43},"skip":true},"18":{"start":{"line":83,"column":24},"end":{"line":83,"column":30},"skip":true},"19":{"start":{"line":85,"column":24},"end":{"line":85,"column":49},"skip":true},"20":{"start":{"line":89,"column":12},"end":{"line":107,"column":13},"skip":true},"21":{"start":{"line":92,"column":16},"end":{"line":102,"column":17},"skip":true},"22":{"start":{"line":93,"column":20},"end":{"line":93,"column":86},"skip":true},"23":{"start":{"line":94,"column":20},"end":{"line":95,"column":45},"skip":true},"24":{"start":{"line":96,"column":20},"end":{"line":96,"column":42},"skip":true},"25":{"start":{"line":97,"column":20},"end":{"line":97,"column":48},"skip":true},"26":{"start":{"line":100,"column":20},"end":{"line":100,"column":85},"skip":true},"27":{"start":{"line":101,"column":20},"end":{"line":101,"column":96},"skip":true},"28":{"start":{"line":103,"column":16},"end":{"line":103,"column":22},"skip":true},"29":{"start":{"line":106,"column":16},"end":{"line":106,"column":22},"skip":true},"30":{"start":{"line":108,"column":12},"end":{"line":120,"column":13},"skip":true},"31":{"start":{"line":114,"column":16},"end":{"line":119,"column":17},"skip":true},"32":{"start":{"line":116,"column":20},"end":{"line":116,"column":78},"skip":true},"33":{"start":{"line":118,"column":20},"end":{"line":118,"column":47},"skip":true},"34":{"start":{"line":123,"column":8},"end":{"line":141,"column":11},"skip":true},"35":{"start":{"line":124,"column":12},"end":{"line":124,"column":54},"skip":true},"36":{"start":{"line":125,"column":12},"end":{"line":140,"column":14},"skip":true},"37":{"start":{"line":126,"column":16},"end":{"line":126,"column":28},"skip":true},"38":{"start":{"line":127,"column":16},"end":{"line":127,"column":69},"skip":true},"39":{"start":{"line":128,"column":16},"end":{"line":128,"column":75},"skip":true},"40":{"start":{"line":129,"column":16},"end":{"line":131,"column":17},"skip":true},"41":{"start":{"line":130,"column":20},"end":{"line":130,"column":27},"skip":true},"42":{"start":{"line":133,"column":16},"end":{"line":137,"column":36},"skip":true},"43":{"start":{"line":134,"column":20},"end":{"line":136,"column":55},"skip":true},"44":{"start":{"line":139,"column":16},"end":{"line":139,"column":57},"skip":true},"45":{"start":{"line":143,"column":8},"end":{"line":147,"column":11},"skip":true},"46":{"start":{"line":144,"column":12},"end":{"line":146,"column":15},"skip":true},"47":{"start":{"line":145,"column":16},"end":{"line":145,"column":70},"skip":true},"48":{"start":{"line":149,"column":8},"end":{"line":149,"column":31},"skip":true},"49":{"start":{"line":150,"column":8},"end":{"line":150,"column":14},"skip":true},"50":{"start":{"line":158,"column":8},"end":{"line":158,"column":31},"skip":true},"51":{"start":{"line":160,"column":8},"end":{"line":160,"column":33},"skip":true},"52":{"start":{"line":161,"column":8},"end":{"line":161,"column":37},"skip":true},"53":{"start":{"line":162,"column":8},"end":{"line":162,"column":35},"skip":true},"54":{"start":{"line":164,"column":8},"end":{"line":164,"column":50},"skip":true},"55":{"start":{"line":166,"column":8},"end":{"line":256,"column":2},"skip":true},"56":{"start":{"line":258,"column":8},"end":{"line":286,"column":9},"skip":true},"57":{"start":{"line":259,"column":12},"end":{"line":269,"column":14},"skip":true},"58":{"start":{"line":271,"column":12},"end":{"line":285,"column":19},"skip":true},"59":{"start":{"line":274,"column":20},"end":{"line":274,"column":35},"skip":true},"60":{"start":{"line":275,"column":20},"end":{"line":284,"column":21},"skip":true},"61":{"start":{"line":277,"column":24},"end":{"line":277,"column":64},"skip":true},"62":{"start":{"line":279,"column":24},"end":{"line":279,"column":40},"skip":true},"63":{"start":{"line":281,"column":24},"end":{"line":281,"column":40},"skip":true},"64":{"start":{"line":283,"column":24},"end":{"line":283,"column":39},"skip":true},"65":{"start":{"line":288,"column":8},"end":{"line":290,"column":9},"skip":true},"66":{"start":{"line":289,"column":12},"end":{"line":289,"column":18},"skip":true},"67":{"start":{"line":291,"column":8},"end":{"line":293,"column":54},"skip":true},"68":{"start":{"line":296,"column":8},"end":{"line":301,"column":37},"skip":true},"69":{"start":{"line":303,"column":8},"end":{"line":303,"column":82},"skip":true},"70":{"start":{"line":306,"column":8},"end":{"line":308,"column":9},"skip":true},"71":{"start":{"line":307,"column":12},"end":{"line":307,"column":82},"skip":true},"72":{"start":{"line":310,"column":8},"end":{"line":312,"column":9},"skip":true},"73":{"start":{"line":311,"column":12},"end":{"line":311,"column":18},"skip":true},"74":{"start":{"line":313,"column":8},"end":{"line":313,"column":54},"skip":true},"75":{"start":{"line":314,"column":8},"end":{"line":314,"column":69},"skip":true},"76":{"start":{"line":315,"column":8},"end":{"line":323,"column":36},"skip":true},"77":{"start":{"line":316,"column":12},"end":{"line":316,"column":61},"skip":true},"78":{"start":{"line":317,"column":12},"end":{"line":320,"column":13},"skip":true},"79":{"start":{"line":318,"column":16},"end":{"line":318,"column":75},"skip":true},"80":{"start":{"line":319,"column":16},"end":{"line":319,"column":23},"skip":true},"81":{"start":{"line":321,"column":12},"end":{"line":321,"column":38},"skip":true},"82":{"start":{"line":322,"column":12},"end":{"line":322,"column":27},"skip":true},"83":{"start":{"line":324,"column":8},"end":{"line":324,"column":14},"skip":true}},"branchMap":{"1":{"line":39,"type":"binary-expr","locations":[{"start":{"line":39,"column":23},"end":{"line":39,"column":62}},{"start":{"line":40,"column":20},"end":{"line":40,"column":70}},{"start":{"line":41,"column":20},"end":{"line":41,"column":71}},{"start":{"line":42,"column":20},"end":{"line":42,"column":29}}]},"2":{"line":44,"type":"binary-expr","locations":[{"start":{"line":44,"column":23},"end":{"line":44,"column":37}},{"start":{"line":45,"column":20},"end":{"line":45,"column":61}},{"start":{"line":46,"column":20},"end":{"line":46,"column":70}},{"start":{"line":47,"column":20},"end":{"line":47,"column":26}}]},"3":{"line":51,"type":"cond-expr","locations":[{"start":{"line":52,"column":14},"end":{"line":52,"column":20}},{"start":{"line":53,"column":14},"end":{"line":53,"column":20}}]},"4":{"line":55,"type":"binary-expr","locations":[{"start":{"line":55,"column":16},"end":{"line":55,"column":44}},{"start":{"line":55,"column":49},"end":{"line":57,"column":43}}]},"5":{"line":55,"type":"cond-expr","locations":[{"start":{"line":56,"column":14},"end":{"line":56,"column":67}},{"start":{"line":57,"column":14},"end":{"line":57,"column":43}}]},"6":{"line":61,"type":"switch","locations":[{"start":{"line":68,"column":4},"end":{"line":150,"column":14},"skip":true},{"start":{"line":156,"column":4},"end":{"line":324,"column":14},"skip":true}]},"7":{"line":70,"type":"if","locations":[{"start":{"line":70,"column":12},"end":{"line":70,"column":12},"skip":true},{"start":{"line":70,"column":12},"end":{"line":70,"column":12},"skip":true}]},"8":{"line":70,"type":"binary-expr","locations":[{"start":{"line":70,"column":16},"end":{"line":70,"column":22},"skip":true},{"start":{"line":70,"column":27},"end":{"line":70,"column":32},"skip":true},{"start":{"line":71,"column":20},"end":{"line":71,"column":39},"skip":true},{"start":{"line":72,"column":20},"end":{"line":72,"column":49},"skip":true},{"start":{"line":73,"column":20},"end":{"line":73,"column":58},"skip":true},{"start":{"line":74,"column":20},"end":{"line":74,"column":69},"skip":true}]},"9":{"line":79,"type":"switch","locations":[{"start":{"line":80,"column":20},"end":{"line":80,"column":33},"skip":true},{"start":{"line":81,"column":20},"end":{"line":83,"column":30},"skip":true},{"start":{"line":84,"column":20},"end":{"line":85,"column":49},"skip":true}]},"10":{"line":89,"type":"switch","locations":[{"start":{"line":90,"column":12},"end":{"line":103,"column":22},"skip":true},{"start":{"line":105,"column":12},"end":{"line":106,"column":22},"skip":true}]},"11":{"line":89,"type":"binary-expr","locations":[{"start":{"line":89,"column":20},"end":{"line":89,"column":25},"skip":true},{"start":{"line":89,"column":29},"end":{"line":89,"column":48},"skip":true},{"start":{"line":89,"column":52},"end":{"line":89,"column":74},"skip":true}]},"12":{"line":92,"type":"if","locations":[{"start":{"line":92,"column":16},"end":{"line":92,"column":16},"skip":true},{"start":{"line":92,"column":16},"end":{"line":92,"column":16},"skip":true}]},"13":{"line":108,"type":"if","locations":[{"start":{"line":108,"column":12},"end":{"line":108,"column":12},"skip":true},{"start":{"line":108,"column":12},"end":{"line":108,"column":12},"skip":true}]},"14":{"line":108,"type":"binary-expr","locations":[{"start":{"line":108,"column":16},"end":{"line":108,"column":61},"skip":true},{"start":{"line":108,"column":66},"end":{"line":108,"column":72},"skip":true},{"start":{"line":108,"column":77},"end":{"line":108,"column":82},"skip":true},{"start":{"line":109,"column":20},"end":{"line":109,"column":39},"skip":true},{"start":{"line":110,"column":20},"end":{"line":110,"column":49},"skip":true},{"start":{"line":111,"column":20},"end":{"line":111,"column":58},"skip":true},{"start":{"line":112,"column":20},"end":{"line":112,"column":68},"skip":true}]},"15":{"line":129,"type":"if","locations":[{"start":{"line":129,"column":16},"end":{"line":129,"column":16},"skip":true},{"start":{"line":129,"column":16},"end":{"line":129,"column":16},"skip":true}]},"16":{"line":134,"type":"cond-expr","locations":[{"start":{"line":135,"column":26},"end":{"line":135,"column":29},"skip":true},{"start":{"line":136,"column":26},"end":{"line":136,"column":54},"skip":true}]},"17":{"line":164,"type":"binary-expr","locations":[{"start":{"line":164,"column":27},"end":{"line":164,"column":43},"skip":true},{"start":{"line":164,"column":47},"end":{"line":164,"column":49},"skip":true}]},"18":{"line":258,"type":"if","locations":[{"start":{"line":258,"column":8},"end":{"line":258,"column":8},"skip":true},{"start":{"line":258,"column":8},"end":{"line":258,"column":8},"skip":true}]},"19":{"line":275,"type":"switch","locations":[{"start":{"line":276,"column":20},"end":{"line":277,"column":64},"skip":true},{"start":{"line":278,"column":20},"end":{"line":279,"column":40},"skip":true},{"start":{"line":280,"column":20},"end":{"line":281,"column":40},"skip":true},{"start":{"line":282,"column":20},"end":{"line":283,"column":39},"skip":true}]},"20":{"line":288,"type":"if","locations":[{"start":{"line":288,"column":8},"end":{"line":288,"column":8},"skip":true},{"start":{"line":288,"column":8},"end":{"line":288,"column":8},"skip":true}]},"21":{"line":288,"type":"binary-expr","locations":[{"start":{"line":288,"column":12},"end":{"line":288,"column":40},"skip":true},{"start":{"line":288,"column":44},"end":{"line":288,"column":67},"skip":true}]},"22":{"line":292,"type":"binary-expr","locations":[{"start":{"line":292,"column":12},"end":{"line":292,"column":50},"skip":true},{"start":{"line":293,"column":12},"end":{"line":293,"column":53},"skip":true}]},"23":{"line":297,"type":"binary-expr","locations":[{"start":{"line":297,"column":12},"end":{"line":297,"column":81},"skip":true},{"start":{"line":298,"column":12},"end":{"line":301,"column":36},"skip":true}]},"24":{"line":303,"type":"binary-expr","locations":[{"start":{"line":303,"column":43},"end":{"line":303,"column":75},"skip":true},{"start":{"line":303,"column":79},"end":{"line":303,"column":81},"skip":true}]},"25":{"line":306,"type":"if","locations":[{"start":{"line":306,"column":8},"end":{"line":306,"column":8},"skip":true},{"start":{"line":306,"column":8},"end":{"line":306,"column":8},"skip":true}]},"26":{"line":310,"type":"if","locations":[{"start":{"line":310,"column":8},"end":{"line":310,"column":8},"skip":true},{"start":{"line":310,"column":8},"end":{"line":310,"column":8},"skip":true}]},"27":{"line":313,"type":"binary-expr","locations":[{"start":{"line":313,"column":27},"end":{"line":313,"column":43},"skip":true},{"start":{"line":313,"column":47},"end":{"line":313,"column":53},"skip":true}]},"28":{"line":317,"type":"if","locations":[{"start":{"line":317,"column":12},"end":{"line":317,"column":12},"skip":true},{"start":{"line":317,"column":12},"end":{"line":317,"column":12},"skip":true}]}},"code":["/*","example.js","","quickstart example","","instruction","    1. save this script as example.js","    2. run the shell command:","        $ npm install npmtest-react-native-fetch-blob && PORT=8081 node example.js","    3. play with the browser-demo on http://127.0.0.1:8081","*/","","","","/* istanbul instrument in package npmtest_react_native_fetch_blob */","/*jslint","    bitwise: true,","    browser: true,","    maxerr: 8,","    maxlen: 96,","    node: true,","    nomen: true,","    regexp: true,","    stupid: true","*/","(function () {","    'use strict';","    var local;","","","","    // run shared js-env code - init-before","    (function () {","        // init local","        local = {};","        // init modeJs","        local.modeJs = (function () {","            try {","                return typeof navigator.userAgent === 'string' &&","                    typeof document.querySelector('body') === 'object' &&","                    typeof XMLHttpRequest.prototype.open === 'function' &&","                    'browser';","            } catch (errorCaughtBrowser) {","                return module.exports &&","                    typeof process.versions.node === 'string' &&","                    typeof require('http').createServer === 'function' &&","                    'node';","            }","        }());","        // init global","        local.global = local.modeJs === 'browser'","            ? window","            : global;","        // init utility2_rollup","        local = local.global.utility2_rollup || (local.modeJs === 'browser'","            ? local.global.utility2_npmtest_react_native_fetch_blob","            : global.utility2_moduleExports);","        // export local","        local.global.local = local;","    }());","    switch (local.modeJs) {","","","","    // init-after","    // run browser js-env code - init-after","    /* istanbul ignore next */","    case 'browser':","        local.testRunBrowser = function (event) {","            if (!event || (event &&","                    event.currentTarget &&","                    event.currentTarget.className &&","                    event.currentTarget.className.includes &&","                    event.currentTarget.className.includes('onreset'))) {","                // reset output","                Array.from(","                    document.querySelectorAll('body > .resettable')","                ).forEach(function (element) {","                    switch (element.tagName) {","                    case 'INPUT':","                    case 'TEXTAREA':","                        element.value = '';","                        break;","                    default:","                        element.textContent = '';","                    }","                });","            }","            switch (event && event.currentTarget && event.currentTarget.id) {","            case 'testRunButton1':","                // show tests","                if (document.querySelector('#testReportDiv1').style.display === 'none') {","                    document.querySelector('#testReportDiv1').style.display = 'block';","                    document.querySelector('#testRunButton1').textContent =","                        'hide internal test';","                    local.modeTest = true;","                    local.testRunDefault(local);","                // hide tests","                } else {","                    document.querySelector('#testReportDiv1').style.display = 'none';","                    document.querySelector('#testRunButton1').textContent = 'run internal test';","                }","                break;","            // custom-case","            default:","                break;","            }","            if (document.querySelector('#inputTextareaEval1') && (!event || (event &&","                    event.currentTarget &&","                    event.currentTarget.className &&","                    event.currentTarget.className.includes &&","                    event.currentTarget.className.includes('oneval')))) {","                // try to eval input-code","                try {","                    /*jslint evil: true*/","                    eval(document.querySelector('#inputTextareaEval1').value);","                } catch (errorCaught) {","                    console.error(errorCaught);","                }","            }","        };","        // log stderr and stdout to #outputTextareaStdout1","        ['error', 'log'].forEach(function (key) {","            console[key + '_original'] = console[key];","            console[key] = function () {","                var element;","                console[key + '_original'].apply(console, arguments);","                element = document.querySelector('#outputTextareaStdout1');","                if (!element) {","                    return;","                }","                // append text to #outputTextareaStdout1","                element.value += Array.from(arguments).map(function (arg) {","                    return typeof arg === 'string'","                        ? arg","                        : JSON.stringify(arg, null, 4);","                }).join(' ') + '\\n';","                // scroll textarea to bottom","                element.scrollTop = element.scrollHeight;","            };","        });","        // init event-handling","        ['change', 'click', 'keyup'].forEach(function (event) {","            Array.from(document.querySelectorAll('.on' + event)).forEach(function (element) {","                element.addEventListener(event, local.testRunBrowser);","            });","        });","        // run tests","        local.testRunBrowser();","        break;","","","","    // run node js-env code - init-after","    /* istanbul ignore next */","    case 'node':","        // export local","        module.exports = local;","        // require modules","        local.fs = require('fs');","        local.http = require('http');","        local.url = require('url');","        // init assets","        local.assetsDict = local.assetsDict || {};","        /* jslint-ignore-begin */","        local.assetsDict['/assets.index.template.html'] = '\\","<!doctype html>\\n\\","<html lang=\"en\">\\n\\","<head>\\n\\","<meta charset=\"UTF-8\">\\n\\","<meta name=\"viewport\" content=\"width=device-width, initial-scale=1\">\\n\\","<title>{{env.npm_package_name}} (v{{env.npm_package_version}})</title>\\n\\","<style>\\n\\","/*csslint\\n\\","    box-sizing: false,\\n\\","    universal-selector: false\\n\\","*/\\n\\","* {\\n\\","    box-sizing: border-box;\\n\\","}\\n\\","body {\\n\\","    background: #dde;\\n\\","    font-family: Arial, Helvetica, sans-serif;\\n\\","    margin: 2rem;\\n\\","}\\n\\","body > * {\\n\\","    margin-bottom: 1rem;\\n\\","}\\n\\",".utility2FooterDiv {\\n\\","    margin-top: 20px;\\n\\","    text-align: center;\\n\\","}\\n\\","</style>\\n\\","<style>\\n\\","/*csslint\\n\\","*/\\n\\","textarea {\\n\\","    font-family: monospace;\\n\\","    height: 10rem;\\n\\","    width: 100%;\\n\\","}\\n\\","textarea[readonly] {\\n\\","    background: #ddd;\\n\\","}\\n\\","</style>\\n\\","</head>\\n\\","<body>\\n\\","<!-- utility2-comment\\n\\","<div id=\"ajaxProgressDiv1\" style=\"background: #d00; height: 2px; left: 0; margin: 0; padding: 0; position: fixed; top: 0; transition: background 0.5s, width 1.5s; width: 25%;\"></div>\\n\\","utility2-comment -->\\n\\","<h1>\\n\\","<!-- utility2-comment\\n\\","    <a\\n\\","        {{#if env.npm_package_homepage}}\\n\\","        href=\"{{env.npm_package_homepage}}\"\\n\\","        {{/if env.npm_package_homepage}}\\n\\","        target=\"_blank\"\\n\\","    >\\n\\","utility2-comment -->\\n\\","        {{env.npm_package_name}} (v{{env.npm_package_version}})\\n\\","<!-- utility2-comment\\n\\","    </a>\\n\\","utility2-comment -->\\n\\","</h1>\\n\\","<h3>{{env.npm_package_description}}</h3>\\n\\","<!-- utility2-comment\\n\\","<h4><a download href=\"assets.app.js\">download standalone app</a></h4>\\n\\","<button class=\"onclick onreset\" id=\"testRunButton1\">run internal test</button><br>\\n\\","<div id=\"testReportDiv1\" style=\"display: none;\"></div>\\n\\","utility2-comment -->\\n\\","\\n\\","\\n\\","\\n\\","<label>stderr and stdout</label>\\n\\","<textarea class=\"resettable\" id=\"outputTextareaStdout1\" readonly></textarea>\\n\\","<!-- utility2-comment\\n\\","{{#if isRollup}}\\n\\","<script src=\"assets.app.js\"></script>\\n\\","{{#unless isRollup}}\\n\\","utility2-comment -->\\n\\","<script src=\"assets.utility2.rollup.js\"></script>\\n\\","<script src=\"jsonp.utility2._stateInit?callback=window.utility2._stateInit\"></script>\\n\\","<script src=\"assets.npmtest_react_native_fetch_blob.rollup.js\"></script>\\n\\","<script src=\"assets.example.js\"></script>\\n\\","<script src=\"assets.test.js\"></script>\\n\\","<!-- utility2-comment\\n\\","{{/if isRollup}}\\n\\","utility2-comment -->\\n\\","<div class=\"utility2FooterDiv\">\\n\\","    [ this app was created with\\n\\","    <a href=\"https://github.com/kaizhu256/node-utility2\" target=\"_blank\">utility2</a>\\n\\","    ]\\n\\","</div>\\n\\","</body>\\n\\","</html>\\n\\","';","        /* jslint-ignore-end */","        if (local.templateRender) {","            local.assetsDict['/'] = local.templateRender(","                local.assetsDict['/assets.index.template.html'],","                {","                    env: local.objectSetDefault(local.env, {","                        npm_package_description: 'the greatest app in the world!',","                        npm_package_name: 'my-app',","                        npm_package_nameAlias: 'my_app',","                        npm_package_version: '0.0.1'","                    })","                }","            );","        } else {","            local.assetsDict['/'] = local.assetsDict['/assets.index.template.html']","                .replace((/\\{\\{env\\.(\\w+?)\\}\\}/g), function (match0, match1) {","                    // jslint-hack","                    String(match0);","                    switch (match1) {","                    case 'npm_package_description':","                        return 'the greatest app in the world!';","                    case 'npm_package_name':","                        return 'my-app';","                    case 'npm_package_nameAlias':","                        return 'my_app';","                    case 'npm_package_version':","                        return '0.0.1';","                    }","                });","        }","        // run the cli","        if (local.global.utility2_rollup || module !== require.main) {","            break;","        }","        local.assetsDict['/assets.example.js'] =","            local.assetsDict['/assets.example.js'] ||","            local.fs.readFileSync(__filename, 'utf8');","        // bug-workaround - long $npm_package_buildCustomOrg","        /* jslint-ignore-begin */","        local.assetsDict['/assets.npmtest_react_native_fetch_blob.rollup.js'] =","            local.assetsDict['/assets.npmtest_react_native_fetch_blob.rollup.js'] ||","            local.fs.readFileSync(","                local.npmtest_react_native_fetch_blob.__dirname + '/lib.npmtest_react_native_fetch_blob.js',","                'utf8'","            ).replace((/^#!/), '//');","        /* jslint-ignore-end */","        local.assetsDict['/favicon.ico'] = local.assetsDict['/favicon.ico'] || '';","        // if $npm_config_timeout_exit exists,","        // then exit this process after $npm_config_timeout_exit ms","        if (Number(process.env.npm_config_timeout_exit)) {","            setTimeout(process.exit, Number(process.env.npm_config_timeout_exit));","        }","        // start server","        if (local.global.utility2_serverHttp1) {","            break;","        }","        process.env.PORT = process.env.PORT || '8081';","        console.error('server starting on port ' + process.env.PORT);","        local.http.createServer(function (request, response) {","            request.urlParsed = local.url.parse(request.url);","            if (local.assetsDict[request.urlParsed.pathname] !== undefined) {","                response.end(local.assetsDict[request.urlParsed.pathname]);","                return;","            }","            response.statusCode = 404;","            response.end();","        }).listen(process.env.PORT);","        break;","    }","}());",""],"l":{"26":2,"28":2,"33":2,"35":2,"37":2,"38":2,"39":2,"44":1,"51":2,"55":2,"59":2,"61":2,"69":1,"70":2,"76":2,"79":2,"82":2,"83":2,"85":1,"89":2,"92":1,"93":1,"94":1,"96":1,"97":1,"100":1,"101":1,"103":1,"106":1,"108":2,"114":1,"116":1,"118":1,"123":1,"124":2,"125":2,"126":3,"127":3,"128":3,"129":3,"130":1,"133":3,"134":3,"139":3,"143":1,"144":3,"145":1,"149":1,"150":1,"158":1,"160":1,"161":1,"162":1,"164":1,"166":1,"258":1,"259":1,"271":1,"274":6,"275":6,"277":1,"279":2,"281":1,"283":2,"288":1,"289":1,"291":1,"296":1,"303":1,"306":1,"307":1,"310":1,"311":1,"313":1,"314":1,"315":1,"316":1,"317":1,"318":1,"319":1,"321":1,"322":1,"324":1}},"/home/travis/build/npmtest/node-npmtest-react-native-fetch-blob/node_modules/react-native-fetch-blob/components/Fetch.onPress.js":{"path":"/home/travis/build/npmtest/node-npmtest-react-native-fetch-blob/node_modules/react-native-fetch-blob/components/Fetch.onPress.js","s":{},"b":{},"f":{},"fnMap":{},"statementMap":{},"branchMap":{},"code":["// press button to login","{/*<Fetch.onPress method=\"POST\"","  url=\"www.example.com/login\"","  body={this.state.body}","  onSuccess={this.onSuccess}","  onError={this.showError}>","  <View>","  \t<Text>Click to Login</Text>","  </View>","</LoginAction.onPress>*/}",""],"l":{}},"/home/travis/build/npmtest/node-npmtest-react-native-fetch-blob/node_modules/react-native-fetch-blob/components/Fetch.when.js":{"path":"/home/travis/build/npmtest/node-npmtest-react-native-fetch-blob/node_modules/react-native-fetch-blob/components/Fetch.when.js","s":{},"b":{},"f":{},"fnMap":{},"statementMap":{},"branchMap":{},"code":["// placeholder","{/*<Fetch method=\"GET\"","  url={`www.example.com/avatar/${this.state.userId}`}","  onSuccess={(data) => { this.setState({avatar : data.path()}) }}","  onError={this.showError}>","  <Fetch.before>","\t\t<Image souce=\"images/placeholder.png\"/>","\t</Fetch.before>","  <Fetch.success>","\t\t<Image souce={this.state.avatar}/>","\t</Fetch.success>","  <Fetch.error>","\t\t<Image souce=\"images/error.png\"/>","\t</Fetch.error>","</LoginAction.onPress>*/}",""],"l":{}},"/home/travis/build/npmtest/node-npmtest-react-native-fetch-blob/node_modules/react-native-fetch-blob/lib/oboe-browser.js":{"path":"/home/travis/build/npmtest/node-npmtest-react-native-fetch-blob/node_modules/react-native-fetch-blob/lib/oboe-browser.js","s":{"1":2,"2":0,"3":0,"4":0,"5":0,"6":0,"7":0,"8":0,"9":0,"10":1,"11":0,"12":0,"13":0,"14":1,"15":0,"16":0,"17":1,"18":0,"19":0,"20":0,"21":0,"22":0,"23":0,"24":0,"25":0,"26":0,"27":1,"28":0,"29":1,"30":0,"31":0,"32":0,"33":0,"34":0,"35":0,"36":0,"37":0,"38":0,"39":0,"40":0,"41":0,"42":0,"43":1,"44":0,"45":0,"46":1,"47":0,"48":0,"49":1,"50":1,"51":0,"52":1,"53":0,"54":0,"55":1,"56":0,"57":0,"58":1,"59":0,"60":1,"61":0,"62":0,"63":1,"64":0,"65":0,"66":1,"67":0,"68":0,"69":1,"70":0,"71":0,"72":0,"73":1,"74":0,"75":1,"76":0,"77":1,"78":0,"79":1,"80":0,"81":1,"82":0,"83":1,"84":0,"85":1,"86":0,"87":0,"88":0,"89":1,"90":1,"91":0,"92":0,"93":0,"94":0,"95":1,"96":0,"97":1,"98":0,"99":1,"100":0,"101":0,"102":0,"103":0,"104":0,"105":0,"106":0,"107":0,"108":0,"109":0,"110":1,"111":0,"112":0,"113":0,"114":0,"115":0,"116":0,"117":1,"118":0,"119":0,"120":0,"121":0,"122":0,"123":0,"124":0,"125":0,"126":0,"127":0,"128":0,"129":0,"130":1,"131":0,"132":1,"133":0,"134":0,"135":0,"136":0,"137":0,"138":0,"139":0,"140":0,"141":0,"142":0,"143":0,"144":0,"145":0,"146":0,"147":0,"148":0,"149":0,"150":0,"151":0,"152":0,"153":0,"154":0,"155":0,"156":0,"157":0,"158":0,"159":0,"160":0,"161":0,"162":0,"163":0,"164":0,"165":0,"166":0,"167":0,"168":0,"169":0,"170":0,"171":0,"172":0,"173":0,"174":0,"175":0,"176":0,"177":0,"178":0,"179":0,"180":0,"181":0,"182":0,"183":0,"184":0,"185":0,"186":0,"187":0,"188":0,"189":0,"190":0,"191":0,"192":0,"193":0,"194":0,"195":0,"196":0,"197":0,"198":0,"199":0,"200":0,"201":0,"202":0,"203":0,"204":0,"205":0,"206":0,"207":0,"208":0,"209":0,"210":0,"211":0,"212":0,"213":0,"214":0,"215":0,"216":0,"217":0,"218":0,"219":0,"220":0,"221":0,"222":0,"223":0,"224":0,"225":0,"226":0,"227":0,"228":0,"229":0,"230":0,"231":0,"232":0,"233":0,"234":0,"235":0,"236":0,"237":0,"238":0,"239":0,"240":0,"241":0,"242":0,"243":0,"244":0,"245":0,"246":0,"247":0,"248":0,"249":0,"250":0,"251":0,"252":0,"253":0,"254":0,"255":0,"256":0,"257":0,"258":0,"259":0,"260":0,"261":0,"262":0,"263":0,"264":0,"265":0,"266":0,"267":0,"268":0,"269":0,"270":0,"271":0,"272":0,"273":0,"274":0,"275":0,"276":0,"277":0,"278":0,"279":0,"280":0,"281":0,"282":0,"283":0,"284":0,"285":0,"286":0,"287":0,"288":0,"289":0,"290":0,"291":0,"292":0,"293":0,"294":0,"295":0,"296":0,"297":0,"298":0,"299":0,"300":0,"301":0,"302":0,"303":0,"304":0,"305":0,"306":0,"307":0,"308":0,"309":0,"310":0,"311":0,"312":0,"313":0,"314":0,"315":0,"316":0,"317":0,"318":0,"319":0,"320":0,"321":0,"322":0,"323":0,"324":0,"325":0,"326":0,"327":0,"328":0,"329":0,"330":0,"331":0,"332":0,"333":0,"334":0,"335":0,"336":0,"337":0,"338":0,"339":0,"340":0,"341":0,"342":0,"343":0,"344":0,"345":0,"346":0,"347":0,"348":0,"349":0,"350":0,"351":0,"352":0,"353":0,"354":0,"355":0,"356":0,"357":0,"358":0,"359":0,"360":0,"361":0,"362":0,"363":0,"364":0,"365":0,"366":0,"367":0,"368":0,"369":0,"370":0,"371":0,"372":0,"373":0,"374":0,"375":0,"376":0,"377":0,"378":0,"379":0,"380":0,"381":0,"382":0,"383":0,"384":0,"385":0,"386":0,"387":0,"388":0,"389":0,"390":0,"391":0,"392":0,"393":0,"394":0,"395":0,"396":0,"397":0,"398":0,"399":0,"400":0,"401":0,"402":0,"403":0,"404":0,"405":0,"406":0,"407":0,"408":0,"409":0,"410":1,"411":0,"412":1,"413":0,"414":0,"415":0,"416":0,"417":0,"418":0,"419":0,"420":0,"421":0,"422":0,"423":0,"424":0,"425":0,"426":0,"427":0,"428":0,"429":0,"430":1,"431":0,"432":0,"433":0,"434":0,"435":0,"436":1,"437":1,"438":0,"439":1,"440":0,"441":0,"442":1,"443":0,"444":0,"445":1,"446":0,"447":1,"448":0,"449":0,"450":0,"451":0,"452":1,"453":0,"454":0,"455":0,"456":0,"457":0,"458":0,"459":0,"460":1,"461":0,"462":0,"463":0,"464":0,"465":0,"466":0,"467":0,"468":0,"469":0,"470":0,"471":0,"472":0,"473":0,"474":0,"475":0,"476":0,"477":0,"478":0,"479":0,"480":0,"481":0,"482":0,"483":0,"484":0,"485":0,"486":0,"487":0,"488":1,"489":0,"490":0,"491":0,"492":0,"493":1,"494":0,"495":1,"496":0,"497":0,"498":1,"499":0,"500":0,"501":0,"502":0,"503":0,"504":0,"505":1,"506":0,"507":1,"508":0,"509":0,"510":0,"511":0,"512":0,"513":1,"514":0,"515":0,"516":0,"517":0,"518":0,"519":0,"520":0,"521":0,"522":0,"523":0,"524":0,"525":0,"526":1,"527":0,"528":0,"529":0,"530":1,"531":0,"532":0,"533":0,"534":0,"535":0,"536":1,"537":0,"538":0,"539":0,"540":0,"541":1,"542":0,"543":0,"544":1,"545":0,"546":0,"547":1,"548":0,"549":0,"550":0,"551":0,"552":0,"553":1,"554":0,"555":0,"556":1,"557":0,"558":0,"559":0,"560":1,"561":0,"562":0,"563":1,"564":0,"565":0,"566":0,"567":0,"568":1,"569":0,"570":0,"571":0,"572":1,"573":0,"574":1,"575":0,"576":0,"577":0,"578":0,"579":0,"580":0,"581":1,"582":0,"583":1,"584":0,"585":0,"586":0,"587":0,"588":0,"589":0,"590":0,"591":0,"592":0,"593":0,"594":0,"595":0,"596":0,"597":0,"598":0,"599":0,"600":0,"601":0,"602":0,"603":0,"604":0,"605":1,"606":0,"607":1,"608":0,"609":1,"610":0,"611":0,"612":0,"613":0,"614":0,"615":0,"616":1,"617":0,"618":0,"619":0,"620":1,"621":0,"622":1,"623":0,"624":0,"625":1,"626":0,"627":0,"628":0,"629":0,"630":0,"631":0,"632":0,"633":0,"634":0,"635":0,"636":0,"637":0,"638":0,"639":0,"640":0,"641":1,"642":0,"643":0,"644":0,"645":0,"646":0,"647":0,"648":0,"649":0,"650":0,"651":0,"652":0,"653":0,"654":0,"655":0,"656":0,"657":1,"658":0,"659":0,"660":1,"661":0,"662":0,"663":0,"664":0,"665":0,"666":0,"667":0,"668":0,"669":0,"670":0,"671":0,"672":1,"673":0,"674":0,"675":0,"676":0,"677":1,"678":0,"679":1,"680":0,"681":0,"682":0,"683":0,"684":0,"685":0,"686":1,"687":0,"688":0,"689":0,"690":0,"691":0,"692":1,"693":0,"694":0,"695":1,"696":0,"697":0,"698":0,"699":0,"700":0,"701":0,"702":0,"703":0,"704":0,"705":0,"706":1,"707":0,"708":0,"709":0,"710":0,"711":0,"712":0,"713":0,"714":1,"715":0,"716":0,"717":0,"718":0,"719":0,"720":0,"721":1,"722":0,"723":0,"724":0,"725":0,"726":0,"727":0,"728":0,"729":1,"730":0,"731":0,"732":0,"733":0,"734":0,"735":0,"736":0,"737":0,"738":0,"739":0,"740":0,"741":0,"742":0,"743":0,"744":2,"745":2,"746":2},"b":{"1":[0,0],"2":[0,0],"3":[0,0],"4":[0,0],"5":[0,0],"6":[0,0],"7":[0,0],"8":[0,0],"9":[0,0],"10":[0,0],"11":[0,0],"12":[0,0],"13":[0,0,0],"14":[0,0],"15":[0,0],"16":[0,0],"17":[0,0],"18":[0,0],"19":[0,0],"20":[0,0],"21":[0,0],"22":[0,0],"23":[0,0],"24":[0,0],"25":[0,0,0,0],"26":[0,0],"27":[0,0],"28":[0,0],"29":[0,0],"30":[0,0,0,0,0,0,0,0,0,0,0,0,0,0,0,0,0,0,0,0,0,0],"31":[0,0],"32":[0,0],"33":[0,0],"34":[0,0],"35":[0,0],"36":[0,0],"37":[0,0],"38":[0,0],"39":[0,0],"40":[0,0],"41":[0,0],"42":[0,0],"43":[0,0],"44":[0,0],"45":[0,0],"46":[0,0],"47":[0,0],"48":[0,0],"49":[0,0],"50":[0,0],"51":[0,0],"52":[0,0],"53":[0,0],"54":[0,0],"55":[0,0],"56":[0,0],"57":[0,0],"58":[0,0],"59":[0,0],"60":[0,0],"61":[0,0],"62":[0,0],"63":[0,0],"64":[0,0],"65":[0,0],"66":[0,0],"67":[0,0],"68":[0,0],"69":[0,0],"70":[0,0],"71":[0,0],"72":[0,0],"73":[0,0],"74":[0,0],"75":[0,0],"76":[0,0],"77":[0,0],"78":[0,0],"79":[0,0],"80":[0,0],"81":[0,0],"82":[0,0],"83":[0,0],"84":[0,0],"85":[0,0],"86":[0,0],"87":[0,0],"88":[0,0],"89":[0,0],"90":[0,0],"91":[0,0],"92":[0,0],"93":[0,0],"94":[0,0],"95":[0,0],"96":[0,0],"97":[0,0],"98":[0,0],"99":[0,0],"100":[0,0],"101":[0,0],"102":[0,0],"103":[0,0],"104":[0,0],"105":[0,0],"106":[0,0],"107":[0,0],"108":[0,0],"109":[0,0],"110":[0,0],"111":[0,0],"112":[0,0],"113":[0,0],"114":[0,0],"115":[0,0],"116":[0,0],"117":[0,0],"118":[0,0],"119":[0,0],"120":[0,0],"121":[0,0],"122":[0,0],"123":[0,0],"124":[0,0],"125":[0,0],"126":[0,0],"127":[0,0],"128":[0,0],"129":[0,0],"130":[0,0],"131":[0,0,0,0,0,0],"132":[0,0],"133":[0,0],"134":[0,0],"135":[0,0],"136":[0,0],"137":[0,0],"138":[0,0],"139":[0,0,0],"140":[0,0],"141":[0,0],"142":[0,0],"143":[0,0],"144":[0,0],"145":[0,0],"146":[0,0],"147":[0,0],"148":[0,0],"149":[0,0],"150":[0,0],"151":[0,0],"152":[0,0],"153":[0,0],"154":[0,0],"155":[0,0],"156":[0,0],"157":[0,0],"158":[0,0],"159":[0,0],"160":[0,0],"161":[0,0],"162":[0,0],"163":[0,0],"164":[0,0],"165":[0,0],"166":[0,0],"167":[0,0],"168":[0,0],"169":[0,0],"170":[0,0],"171":[0,0],"172":[0,0],"173":[0,0],"174":[0,0],"175":[0,0],"176":[0,0],"177":[0,0],"178":[0,0],"179":[0,0],"180":[0,0],"181":[0,0],"182":[0,0],"183":[0,0],"184":[0,0],"185":[0,0],"186":[0,0],"187":[0,0],"188":[0,0],"189":[0,0],"190":[0,0],"191":[0,0],"192":[0,0]},"f":{"1":0,"2":0,"3":0,"4":0,"5":0,"6":0,"7":0,"8":0,"9":0,"10":0,"11":0,"12":0,"13":0,"14":0,"15":0,"16":0,"17":0,"18":0,"19":0,"20":0,"21":0,"22":0,"23":0,"24":0,"25":0,"26":0,"27":0,"28":0,"29":0,"30":0,"31":0,"32":0,"33":0,"34":0,"35":0,"36":0,"37":0,"38":0,"39":0,"40":0,"41":0,"42":0,"43":0,"44":0,"45":0,"46":0,"47":0,"48":0,"49":0,"50":0,"51":0,"52":0,"53":0,"54":0,"55":0,"56":0,"57":0,"58":0,"59":0,"60":0,"61":0,"62":0,"63":0,"64":0,"65":0,"66":0,"67":0,"68":0,"69":0,"70":0,"71":0,"72":0,"73":0,"74":0,"75":0,"76":0,"77":0,"78":0,"79":0,"80":0,"81":0,"82":0,"83":0,"84":0,"85":0,"86":0,"87":0,"88":0,"89":0,"90":0,"91":0,"92":0,"93":0,"94":0,"95":0,"96":0,"97":0,"98":0,"99":0,"100":0,"101":0,"102":0,"103":0,"104":0,"105":0,"106":0,"107":0,"108":0,"109":0,"110":0,"111":0,"112":0,"113":0,"114":0,"115":0,"116":0,"117":0,"118":0,"119":0,"120":0,"121":0,"122":0,"123":0,"124":0,"125":0,"126":0,"127":0,"128":0,"129":0,"130":0,"131":0,"132":0,"133":0,"134":0,"135":0,"136":0,"137":0,"138":0,"139":0,"140":0,"141":0,"142":0,"143":0,"144":0,"145":0,"146":2},"fnMap":{"1":{"name":"(anonymous_1)","line":5,"loc":{"start":{"line":5,"column":1},"end":{"line":5,"column":60}}},"2":{"name":"(anonymous_2)","line":54,"loc":{"start":{"line":54,"column":30},"end":{"line":54,"column":51}}},"3":{"name":"(anonymous_3)","line":62,"loc":{"start":{"line":62,"column":21},"end":{"line":62,"column":42}}},"4":{"name":"(anonymous_4)","line":83,"loc":{"start":{"line":83,"column":21},"end":{"line":83,"column":35}}},"5":{"name":"next","line":87,"loc":{"start":{"line":87,"column":6},"end":{"line":87,"column":35}}},"6":{"name":"(anonymous_6)","line":91,"loc":{"start":{"line":91,"column":21},"end":{"line":91,"column":42}}},"7":{"name":"compose2","line":102,"loc":{"start":{"line":102,"column":0},"end":{"line":102,"column":25}}},"8":{"name":"(anonymous_8)","line":103,"loc":{"start":{"line":103,"column":10},"end":{"line":103,"column":20}}},"9":{"name":"attr","line":121,"loc":{"start":{"line":121,"column":0},"end":{"line":121,"column":19}}},"10":{"name":"(anonymous_10)","line":122,"loc":{"start":{"line":122,"column":10},"end":{"line":122,"column":22}}},"11":{"name":"(anonymous_11)","line":139,"loc":{"start":{"line":139,"column":27},"end":{"line":139,"column":41}}},"12":{"name":"(anonymous_12)","line":141,"loc":{"start":{"line":141,"column":21},"end":{"line":141,"column":37}}},"13":{"name":"apply","line":171,"loc":{"start":{"line":171,"column":0},"end":{"line":171,"column":25}}},"14":{"name":"varArgs","line":197,"loc":{"start":{"line":197,"column":0},"end":{"line":197,"column":20}}},"15":{"name":"(anonymous_15)","line":206,"loc":{"start":{"line":206,"column":13},"end":{"line":206,"column":23}}},"16":{"name":"(anonymous_16)","line":213,"loc":{"start":{"line":213,"column":13},"end":{"line":213,"column":23}}},"17":{"name":"(anonymous_17)","line":225,"loc":{"start":{"line":225,"column":10},"end":{"line":225,"column":20}}},"18":{"name":"flip","line":244,"loc":{"start":{"line":244,"column":0},"end":{"line":244,"column":17}}},"19":{"name":"(anonymous_19)","line":245,"loc":{"start":{"line":245,"column":10},"end":{"line":245,"column":24}}},"20":{"name":"lazyIntersection","line":257,"loc":{"start":{"line":257,"column":0},"end":{"line":257,"column":36}}},"21":{"name":"(anonymous_21)","line":259,"loc":{"start":{"line":259,"column":10},"end":{"line":259,"column":27}}},"22":{"name":"noop","line":268,"loc":{"start":{"line":268,"column":0},"end":{"line":268,"column":15}}},"23":{"name":"always","line":273,"loc":{"start":{"line":273,"column":0},"end":{"line":273,"column":17}}},"24":{"name":"functor","line":285,"loc":{"start":{"line":285,"column":0},"end":{"line":285,"column":21}}},"25":{"name":"(anonymous_25)","line":286,"loc":{"start":{"line":286,"column":10},"end":{"line":286,"column":20}}},"26":{"name":"isOfType","line":300,"loc":{"start":{"line":300,"column":0},"end":{"line":300,"column":36}}},"27":{"name":"defined","line":318,"loc":{"start":{"line":318,"column":0},"end":{"line":318,"column":26}}},"28":{"name":"hasAllProperties","line":327,"loc":{"start":{"line":327,"column":0},"end":{"line":327,"column":40}}},"29":{"name":"(anonymous_29)","line":331,"loc":{"start":{"line":331,"column":19},"end":{"line":331,"column":36}}},"30":{"name":"cons","line":338,"loc":{"start":{"line":338,"column":0},"end":{"line":338,"column":21}}},"31":{"name":"arrayAsList","line":384,"loc":{"start":{"line":384,"column":0},"end":{"line":384,"column":32}}},"32":{"name":"listAsArray","line":409,"loc":{"start":{"line":409,"column":0},"end":{"line":409,"column":26}}},"33":{"name":"(anonymous_33)","line":411,"loc":{"start":{"line":411,"column":17},"end":{"line":411,"column":47}}},"34":{"name":"map","line":423,"loc":{"start":{"line":423,"column":0},"end":{"line":423,"column":23}}},"35":{"name":"foldR","line":436,"loc":{"start":{"line":436,"column":0},"end":{"line":436,"column":37}}},"36":{"name":"foldR1","line":449,"loc":{"start":{"line":449,"column":0},"end":{"line":449,"column":26}}},"37":{"name":"without","line":462,"loc":{"start":{"line":462,"column":0},"end":{"line":462,"column":40}}},"38":{"name":"withoutInner","line":466,"loc":{"start":{"line":466,"column":3},"end":{"line":466,"column":45}}},"39":{"name":"all","line":481,"loc":{"start":{"line":481,"column":0},"end":{"line":481,"column":23}}},"40":{"name":"applyEach","line":494,"loc":{"start":{"line":494,"column":0},"end":{"line":494,"column":33}}},"41":{"name":"reverseList","line":506,"loc":{"start":{"line":506,"column":0},"end":{"line":506,"column":26}}},"42":{"name":"reverseInner","line":510,"loc":{"start":{"line":510,"column":3},"end":{"line":510,"column":50}}},"43":{"name":"first","line":521,"loc":{"start":{"line":521,"column":0},"end":{"line":521,"column":27}}},"44":{"name":"clarinet","line":549,"loc":{"start":{"line":549,"column":0},"end":{"line":549,"column":28}}},"45":{"name":"checkBufferLength","line":605,"loc":{"start":{"line":605,"column":2},"end":{"line":605,"column":32}}},"46":{"name":"emitError","line":629,"loc":{"start":{"line":629,"column":2},"end":{"line":629,"column":35}}},"47":{"name":"handleStreamEnd","line":643,"loc":{"start":{"line":643,"column":2},"end":{"line":643,"column":29}}},"48":{"name":"whitespace","line":677,"loc":{"start":{"line":677,"column":2},"end":{"line":677,"column":24}}},"49":{"name":"handleData","line":681,"loc":{"start":{"line":681,"column":2},"end":{"line":681,"column":30}}},"50":{"name":"ascentManager","line":1041,"loc":{"start":{"line":1041,"column":0},"end":{"line":1041,"column":41}}},"51":{"name":"stateAfter","line":1047,"loc":{"start":{"line":1047,"column":3},"end":{"line":1047,"column":32}}},"52":{"name":"(anonymous_52)","line":1048,"loc":{"start":{"line":1048,"column":13},"end":{"line":1048,"column":28}}},"53":{"name":"(anonymous_53)","line":1058,"loc":{"start":{"line":1058,"column":25},"end":{"line":1058,"column":43}}},"54":{"name":"(anonymous_54)","line":1071,"loc":{"start":{"line":1071,"column":25},"end":{"line":1071,"column":36}}},"55":{"name":"(anonymous_55)","line":1085,"loc":{"start":{"line":1085,"column":24},"end":{"line":1085,"column":34}}},"56":{"name":"parseResponseHeaders","line":1101,"loc":{"start":{"line":1101,"column":0},"end":{"line":1101,"column":41}}},"57":{"name":"(anonymous_57)","line":1105,"loc":{"start":{"line":1105,"column":15},"end":{"line":1105,"column":35}}},"58":{"name":"isCrossOrigin","line":1128,"loc":{"start":{"line":1128,"column":0},"end":{"line":1128,"column":47}}},"59":{"name":"defaultPort","line":1134,"loc":{"start":{"line":1134,"column":3},"end":{"line":1134,"column":34}}},"60":{"name":"portOf","line":1138,"loc":{"start":{"line":1138,"column":3},"end":{"line":1138,"column":29}}},"61":{"name":"parseUrlOrigin","line":1156,"loc":{"start":{"line":1156,"column":0},"end":{"line":1156,"column":29}}},"62":{"name":"httpTransport","line":1184,"loc":{"start":{"line":1184,"column":0},"end":{"line":1184,"column":24}}},"63":{"name":"streamingHttp","line":1208,"loc":{"start":{"line":1208,"column":0},"end":{"line":1208,"column":82}}},"64":{"name":"(anonymous_64)","line":1219,"loc":{"start":{"line":1219,"column":27},"end":{"line":1219,"column":37}}},"65":{"name":"handleProgress","line":1233,"loc":{"start":{"line":1233,"column":3},"end":{"line":1233,"column":29}}},"66":{"name":"(anonymous_66)","line":1257,"loc":{"start":{"line":1257,"column":28},"end":{"line":1257,"column":39}}},"67":{"name":"sendStartIfNotAlready","line":1259,"loc":{"start":{"line":1259,"column":6},"end":{"line":1259,"column":39}}},"68":{"name":"(anonymous_68)","line":1334,"loc":{"start":{"line":1334,"column":22},"end":{"line":1334,"column":33}}},"69":{"name":"regexDescriptor","line":1351,"loc":{"start":{"line":1351,"column":25},"end":{"line":1351,"column":57}}},"70":{"name":"(anonymous_70)","line":1361,"loc":{"start":{"line":1361,"column":32},"end":{"line":1361,"column":61}}},"71":{"name":"(anonymous_71)","line":1433,"loc":{"start":{"line":1433,"column":10},"end":{"line":1433,"column":23}}},"72":{"name":"namedNode","line":1455,"loc":{"start":{"line":1455,"column":0},"end":{"line":1455,"column":30}}},"73":{"name":"incrementalContentBuilder","line":1496,"loc":{"start":{"line":1496,"column":0},"end":{"line":1496,"column":46}}},"74":{"name":"arrayIndicesAreKeys","line":1503,"loc":{"start":{"line":1503,"column":3},"end":{"line":1503,"column":77}}},"75":{"name":"nodeOpened","line":1525,"loc":{"start":{"line":1525,"column":3},"end":{"line":1525,"column":49}}},"76":{"name":"appendBuiltContent","line":1557,"loc":{"start":{"line":1557,"column":3},"end":{"line":1557,"column":61}}},"77":{"name":"keyFound","line":1574,"loc":{"start":{"line":1574,"column":3},"end":{"line":1574,"column":66}}},"78":{"name":"nodeClosed","line":1598,"loc":{"start":{"line":1598,"column":3},"end":{"line":1598,"column":33}}},"79":{"name":"(anonymous_79)","line":1629,"loc":{"start":{"line":1629,"column":38},"end":{"line":1633,"column":62}}},"80":{"name":"nameClause","line":1649,"loc":{"start":{"line":1649,"column":3},"end":{"line":1649,"column":49}}},"81":{"name":"(anonymous_81)","line":1655,"loc":{"start":{"line":1655,"column":30},"end":{"line":1655,"column":46}}},"82":{"name":"duckTypeClause","line":1668,"loc":{"start":{"line":1668,"column":3},"end":{"line":1668,"column":52}}},"83":{"name":"capture","line":1691,"loc":{"start":{"line":1691,"column":3},"end":{"line":1691,"column":47}}},"84":{"name":"skip1","line":1710,"loc":{"start":{"line":1710,"column":3},"end":{"line":1710,"column":32}}},"85":{"name":"notAtRoot","line":1725,"loc":{"start":{"line":1725,"column":6},"end":{"line":1725,"column":32}}},"86":{"name":"skipMany","line":1752,"loc":{"start":{"line":1752,"column":3},"end":{"line":1752,"column":35}}},"87":{"name":"(anonymous_87)","line":1769,"loc":{"start":{"line":1769,"column":32},"end":{"line":1769,"column":49}}},"88":{"name":"rootExpr","line":1786,"loc":{"start":{"line":1786,"column":3},"end":{"line":1786,"column":23}}},"89":{"name":"(anonymous_89)","line":1788,"loc":{"start":{"line":1788,"column":13},"end":{"line":1788,"column":29}}},"90":{"name":"statementExpr","line":1800,"loc":{"start":{"line":1800,"column":3},"end":{"line":1800,"column":38}}},"91":{"name":"(anonymous_91)","line":1802,"loc":{"start":{"line":1802,"column":13},"end":{"line":1802,"column":30}}},"92":{"name":"expressionsReader","line":1822,"loc":{"start":{"line":1822,"column":3},"end":{"line":1822,"column":72}}},"93":{"name":"(anonymous_93)","line":1829,"loc":{"start":{"line":1829,"column":18},"end":{"line":1829,"column":56}}},"94":{"name":"generateClauseReaderIfTokenFound","line":1855,"loc":{"start":{"line":1855,"column":3},"end":{"line":1859,"column":67}}},"95":{"name":"clauseMatcher","line":1879,"loc":{"start":{"line":1879,"column":3},"end":{"line":1879,"column":48}}},"96":{"name":"(anonymous_96)","line":1916,"loc":{"start":{"line":1916,"column":6},"end":{"line":1916,"column":26}}},"97":{"name":"returnFoundParser","line":1930,"loc":{"start":{"line":1930,"column":3},"end":{"line":1930,"column":65}}},"98":{"name":"compileJsonPathToFunction","line":1942,"loc":{"start":{"line":1942,"column":3},"end":{"line":1943,"column":62}}},"99":{"name":"(anonymous_99)","line":1965,"loc":{"start":{"line":1965,"column":10},"end":{"line":1965,"column":28}}},"100":{"name":"singleEventPubSub","line":1992,"loc":{"start":{"line":1992,"column":0},"end":{"line":1992,"column":66}}},"101":{"name":"hasId","line":2002,"loc":{"start":{"line":2002,"column":3},"end":{"line":2002,"column":21}}},"102":{"name":"(anonymous_102)","line":2003,"loc":{"start":{"line":2003,"column":13},"end":{"line":2003,"column":29}}},"103":{"name":"(anonymous_103)","line":2016,"loc":{"start":{"line":2016,"column":9},"end":{"line":2016,"column":42}}},"104":{"name":"(anonymous_104)","line":2034,"loc":{"start":{"line":2034,"column":11},"end":{"line":2034,"column":23}}},"105":{"name":"(anonymous_105)","line":2038,"loc":{"start":{"line":2038,"column":10},"end":{"line":2038,"column":33}}},"106":{"name":"(anonymous_106)","line":2045,"loc":{"start":{"line":2045,"column":12},"end":{"line":2045,"column":27}}},"107":{"name":"(anonymous_107)","line":2051,"loc":{"start":{"line":2051,"column":50},"end":{"line":2051,"column":68}}},"108":{"name":"(anonymous_108)","line":2061,"loc":{"start":{"line":2061,"column":17},"end":{"line":2061,"column":27}}},"109":{"name":"(anonymous_109)","line":2066,"loc":{"start":{"line":2066,"column":19},"end":{"line":2066,"column":39}}},"110":{"name":"pubSub","line":2107,"loc":{"start":{"line":2107,"column":0},"end":{"line":2107,"column":17}}},"111":{"name":"newSingle","line":2113,"loc":{"start":{"line":2113,"column":3},"end":{"line":2113,"column":33}}},"112":{"name":"pubSubInstance","line":2122,"loc":{"start":{"line":2122,"column":3},"end":{"line":2122,"column":39}}},"113":{"name":"(anonymous_113)","line":2128,"loc":{"start":{"line":2128,"column":32},"end":{"line":2128,"column":52}}},"114":{"name":"(anonymous_114)","line":2130,"loc":{"start":{"line":2130,"column":43},"end":{"line":2130,"column":74}}},"115":{"name":"errorReport","line":2171,"loc":{"start":{"line":2171,"column":0},"end":{"line":2171,"column":46}}},"116":{"name":"patternAdapter","line":2193,"loc":{"start":{"line":2193,"column":0},"end":{"line":2193,"column":51}}},"117":{"name":"emitMatchingNode","line":2200,"loc":{"start":{"line":2200,"column":3},"end":{"line":2200,"column":54}}},"118":{"name":"addUnderlyingListener","line":2231,"loc":{"start":{"line":2231,"column":3},"end":{"line":2231,"column":84}}},"119":{"name":"(anonymous_119)","line":2235,"loc":{"start":{"line":2235,"column":25},"end":{"line":2235,"column":43}}},"120":{"name":"(anonymous_120)","line":2263,"loc":{"start":{"line":2263,"column":36},"end":{"line":2263,"column":62}}},"121":{"name":"(anonymous_121)","line":2277,"loc":{"start":{"line":2277,"column":30},"end":{"line":2277,"column":53}}},"122":{"name":"instanceApi","line":2304,"loc":{"start":{"line":2304,"column":0},"end":{"line":2304,"column":44}}},"123":{"name":"(anonymous_123)","line":2315,"loc":{"start":{"line":2315,"column":29},"end":{"line":2315,"column":60}}},"124":{"name":"(anonymous_124)","line":2349,"loc":{"start":{"line":2349,"column":24},"end":{"line":2349,"column":51}}},"125":{"name":"addProtectedCallback","line":2381,"loc":{"start":{"line":2381,"column":3},"end":{"line":2381,"column":54}}},"126":{"name":"addForgettableCallback","line":2390,"loc":{"start":{"line":2390,"column":3},"end":{"line":2390,"column":64}}},"127":{"name":"(anonymous_127)","line":2398,"loc":{"start":{"line":2398,"column":16},"end":{"line":2398,"column":27}}},"128":{"name":"(anonymous_128)","line":2402,"loc":{"start":{"line":2402,"column":26},"end":{"line":2402,"column":36}}},"129":{"name":"protectedCallback","line":2422,"loc":{"start":{"line":2422,"column":3},"end":{"line":2422,"column":42}}},"130":{"name":"(anonymous_130)","line":2423,"loc":{"start":{"line":2423,"column":13},"end":{"line":2423,"column":24}}},"131":{"name":"fullyQualifiedPatternMatchEvent","line":2440,"loc":{"start":{"line":2440,"column":3},"end":{"line":2440,"column":59}}},"132":{"name":"wrapCallbackToSwapNodeIfSomethingReturned","line":2444,"loc":{"start":{"line":2444,"column":3},"end":{"line":2444,"column":66}}},"133":{"name":"(anonymous_133)","line":2445,"loc":{"start":{"line":2445,"column":13},"end":{"line":2445,"column":24}}},"134":{"name":"addSingleNodeOrPathListener","line":2459,"loc":{"start":{"line":2459,"column":3},"end":{"line":2459,"column":68}}},"135":{"name":"addMultipleNodeOrPathListeners","line":2479,"loc":{"start":{"line":2479,"column":3},"end":{"line":2479,"column":65}}},"136":{"name":"addNodeOrPathListenerApi","line":2489,"loc":{"start":{"line":2489,"column":3},"end":{"line":2489,"column":80}}},"137":{"name":"(anonymous_137)","line":2504,"loc":{"start":{"line":2504,"column":32},"end":{"line":2504,"column":51}}},"138":{"name":"(anonymous_138)","line":2512,"loc":{"start":{"line":2512,"column":27},"end":{"line":2512,"column":58}}},"139":{"name":"(anonymous_139)","line":2514,"loc":{"start":{"line":2514,"column":24},"end":{"line":2514,"column":39}}},"140":{"name":"wire","line":2559,"loc":{"start":{"line":2559,"column":0},"end":{"line":2559,"column":77}}},"141":{"name":"applyDefaults","line":2588,"loc":{"start":{"line":2588,"column":0},"end":{"line":2588,"column":98}}},"142":{"name":"modifiedUrl","line":2612,"loc":{"start":{"line":2612,"column":3},"end":{"line":2612,"column":41}}},"143":{"name":"oboe","line":2631,"loc":{"start":{"line":2631,"column":0},"end":{"line":2631,"column":20}}},"144":{"name":"(anonymous_144)","line":2683,"loc":{"start":{"line":2683,"column":12},"end":{"line":2683,"column":23}}},"145":{"name":"(anonymous_145)","line":2689,"loc":{"start":{"line":2689,"column":26},"end":{"line":2689,"column":38}}},"146":{"name":"(anonymous_146)","line":2695,"loc":{"start":{"line":2695,"column":4},"end":{"line":2695,"column":14}}}},"statementMap":{"1":{"start":{"line":5,"column":0},"end":{"line":2703,"column":37}},"2":{"start":{"line":54,"column":0},"end":{"line":95,"column":6}},"3":{"start":{"line":60,"column":6},"end":{"line":60,"column":37}},"4":{"start":{"line":62,"column":6},"end":{"line":71,"column":9}},"5":{"start":{"line":64,"column":9},"end":{"line":66,"column":10}},"6":{"start":{"line":65,"column":12},"end":{"line":65,"column":49}},"7":{"start":{"line":68,"column":9},"end":{"line":68,"column":54}},"8":{"start":{"line":70,"column":9},"end":{"line":70,"column":37}},"9":{"start":{"line":85,"column":6},"end":{"line":85,"column":37}},"10":{"start":{"line":87,"column":6},"end":{"line":89,"column":7}},"11":{"start":{"line":88,"column":9},"end":{"line":88,"column":39}},"12":{"start":{"line":91,"column":6},"end":{"line":94,"column":9}},"13":{"start":{"line":93,"column":9},"end":{"line":93,"column":53}},"14":{"start":{"line":102,"column":0},"end":{"line":106,"column":1}},"15":{"start":{"line":103,"column":3},"end":{"line":105,"column":4}},"16":{"start":{"line":104,"column":6},"end":{"line":104,"column":52}},"17":{"start":{"line":121,"column":0},"end":{"line":123,"column":1}},"18":{"start":{"line":122,"column":3},"end":{"line":122,"column":41}},"19":{"start":{"line":122,"column":24},"end":{"line":122,"column":38}},"20":{"start":{"line":139,"column":3},"end":{"line":154,"column":6}},"21":{"start":{"line":141,"column":6},"end":{"line":153,"column":9}},"22":{"start":{"line":143,"column":9},"end":{"line":143,"column":24}},"23":{"start":{"line":145,"column":9},"end":{"line":152,"column":10}},"24":{"start":{"line":147,"column":12},"end":{"line":147,"column":47}},"25":{"start":{"line":149,"column":12},"end":{"line":151,"column":13}},"26":{"start":{"line":150,"column":15},"end":{"line":150,"column":33}},"27":{"start":{"line":171,"column":0},"end":{"line":173,"column":1}},"28":{"start":{"line":172,"column":3},"end":{"line":172,"column":36}},"29":{"start":{"line":197,"column":0},"end":{"line":236,"column":1}},"30":{"start"
[...]
 ","   /**","    * implementation behind .onPath() and .onNode()","    */       ","   function addNodeOrPathListenerApi( eventId, jsonPathOrListenerMap, callback ){","         ","      if( isString(jsonPathOrListenerMap) ) {","         addSingleNodeOrPathListener(eventId, jsonPathOrListenerMap, callback);","","      } else {","         addMultipleNodeOrPathListeners(eventId, jsonPathOrListenerMap);","      }","      ","      return oboeApi; // chaining","   }","      ","   ","   // some interface methods are only filled in after we receive","   // values and are noops before that:          ","   oboeBus(ROOT_PATH_FOUND).on( function(rootNode) {","      oboeApi.root = functor(rootNode);   ","   });","","   /**","    * When content starts make the headers readable through the","    * instance API","    */","   oboeBus(HTTP_START).on( function(_statusCode, headers) {","   ","      oboeApi.header =  function(name) {","                           return name ? headers[name] ","                                       : headers","                                       ;","                        }","   });","                                                               ","   /**","    * Construct and return the public API of the Oboe instance to be ","    * returned to the calling application","    */       ","   return oboeApi = {","      on             : addListener,","      addListener    : addListener, ","      removeListener : removeListener,","      emit           : oboeBus.emit,                ","                ","      node           : partialComplete(addNodeOrPathListenerApi, 'node'),","      path           : partialComplete(addNodeOrPathListenerApi, 'path'),","      ","      done           : partialComplete(addForgettableCallback, rootNodeFinishedEvent),            ","      start          : partialComplete(addProtectedCallback, HTTP_START ),","      ","      // fail doesn't use protectedCallback because ","      // could lead to non-terminating loops","      fail           : oboeBus(FAIL_EVENT).on,","      ","      // public api calling abort fires the ABORTING event","      abort          : oboeBus(ABORTING).emit,","      ","      // initially return nothing for header and root","      header         : noop,","      root           : noop,","      ","      source         : contentSource","   };   ","}","    ","","/**"," * This file sits just behind the API which is used to attain a new"," * Oboe instance. It creates the new components that are required"," * and introduces them to each other."," */","","function wire (httpMethodName, contentSource, body, headers, withCredentials){","","   var oboeBus = pubSub();","   ","   // Wire the input stream in if we are given a content source.","   // This will usually be the case. If not, the instance created","   // will have to be passed content from an external source.","  ","   if( contentSource ) {","","      streamingHttp( oboeBus,","                     httpTransport(), ","                     httpMethodName,","                     contentSource,","                     body,","                     headers,","                     withCredentials","      );","   }","","   clarinet(oboeBus);","","   ascentManager(oboeBus, incrementalContentBuilder(oboeBus));","      ","   patternAdapter(oboeBus, jsonPathCompiler);      ","      ","   return instanceApi(oboeBus, contentSource);","}","","function applyDefaults( passthrough, url, httpMethodName, body, headers, withCredentials, cached ){","","   headers = headers ?","      // Shallow-clone the headers array. This allows it to be","      // modified without side effects to the caller. We don't","      // want to change objects that the user passes in.","      JSON.parse(JSON.stringify(headers))","      : {};","","   if( body ) {","      if( !isString(body) ) {","","         // If the body is not a string, stringify it. This allows objects to","         // be given which will be sent as JSON.","         body = JSON.stringify(body);","","         // Default Content-Type to JSON unless given otherwise.","         headers['Content-Type'] = headers['Content-Type'] || 'application/json';","      }","   } else {","      body = null;","   }","","   // support cache busting like jQuery.ajax({cache:false})","   function modifiedUrl(baseUrl, cached) {","","      if( cached === false ) {","","         if( baseUrl.indexOf('?') == -1 ) {","            baseUrl += '?';","         } else {","            baseUrl += '&';","         }","","         baseUrl += '_=' + new Date().getTime();","      }","      return baseUrl;","   }","","   return passthrough( httpMethodName || 'GET', modifiedUrl(url, cached), body, headers, withCredentials || false );","}","","// export public API","function oboe(arg1) {","","   // We use duck-typing to detect if the parameter given is a stream, with the","   // below list of parameters.","   // Unpipe and unshift would normally be present on a stream but this breaks","   // compatibility with Request streams.","   // See https://github.com/jimhigson/oboe.js/issues/65","   ","   var nodeStreamMethodNames = list('resume', 'pause', 'pipe'),","       isStream = partialComplete(","                     hasAllProperties","                  ,  nodeStreamMethodNames","                  );","   ","   if( arg1 ) {","      if (isStream(arg1) || isString(arg1)) {","","         //  simple version for GETs. Signature is:","         //    oboe( url )","         //  or, under node:","         //    oboe( readableStream )","         return applyDefaults(","            wire,","            arg1 // url","         );","","      } else {","","         // method signature is:","         //    oboe({method:m, url:u, body:b, headers:{...}})","","         return applyDefaults(","            wire,","            arg1.url,","            arg1.method,","            arg1.body,","            arg1.headers,","            arg1.withCredentials,","            arg1.cached","         );","         ","      }","   } else {","      // wire up a no-AJAX, no-stream Oboe. Will have to have content ","      // fed in externally and using .emit.","      return wire();","   }","}","","/* oboe.drop is a special value. If a node callback returns this value the","   parsed node is deleted from the JSON"," */","oboe.drop = function() {","   return oboe.drop;","};","","","   if ( typeof define === \"function\" && define.amd ) {","      define( \"oboe\", [], function () { return oboe; } );","   } else if (typeof exports === 'object') {","      module.exports = oboe;","   } else {","      window.oboe = oboe;","   }","})((function(){","   // Access to the window object throws an exception in HTML5 web workers so","   // point it to \"self\" if it runs in a web worker","      try {","         return window;","      } catch (e) {","         return self;","      }","   }()), Object, Array, Error, JSON);",""],"l":{"5":2,"54":0,"60":0,"62":0,"64":0,"65":0,"68":0,"70":0,"85":0,"87":1,"88":0,"91":0,"93":0,"102":1,"103":0,"104":0,"121":1,"122":0,"139":0,"141":0,"143":0,"145":0,"147":0,"149":0,"150":0,"171":1,"172":0,"197":1,"199":0,"203":0,"206":0,"207":0,"210":0,"213":0,"214":0,"223":0,"225":0,"227":0,"228":0,"231":0,"234":0,"244":1,"245":0,"246":0,"257":1,"259":0,"261":0,"268":1,"273":1,"285":1,"286":0,"287":0,"300":1,"301":0,"304":0,"318":1,"319":0,"327":1,"329":0,"332":0,"338":1,"352":0,"358":0,"384":1,"386":0,"404":0,"409":1,"411":0,"413":0,"414":0,"423":1,"425":0,"436":1,"438":0,"449":1,"451":0,"462":1,"464":0,"466":1,"467":0,"481":1,"483":0,"494":1,"496":0,"497":0,"499":0,"506":1,"510":1,"511":0,"512":0,"515":0,"518":0,"521":1,"522":0,"549":1,"552":0,"605":1,"607":0,"609":0,"610":0,"611":0,"613":0,"614":0,"615":0,"618":0,"622":0,"627":0,"629":1,"630":0,"631":0,"632":0,"633":0,"636":0,"640":0,"643":1,"644":0,"658":0,"659":0,"661":0,"662":0,"665":0,"666":0,"668":0,"669":0,"670":0,"671":0,"674":0,"677":1,"678":0,"681":1,"686":0,"687":0,"689":0,"690":0,"693":0,"694":0,"696":0,"697":0,"698":0,"699":0,"701":0,"702":0,"703":0,"704":0,"705":0,"706":0,"709":0,"710":0,"711":0,"712":0,"713":0,"717":0,"718":0,"720":0,"721":0,"722":0,"723":0,"724":0,"725":0,"727":0,"728":0,"730":0,"731":0,"735":0,"737":0,"738":0,"739":0,"741":0,"744":0,"745":0,"746":0,"748":0,"750":0,"751":0,"752":0,"755":0,"756":0,"757":0,"758":0,"759":0,"760":0,"762":0,"763":0,"764":0,"765":0,"766":0,"767":0,"768":0,"769":0,"770":0,"771":0,"773":0,"775":0,"776":0,"780":0,"781":0,"782":0,"783":0,"784":0,"785":0,"786":0,"787":0,"788":0,"789":0,"791":0,"794":0,"795":0,"796":0,"797":0,"798":0,"799":0,"800":0,"801":0,"802":0,"803":0,"804":0,"805":0,"806":0,"807":0,"809":0,"810":0,"813":0,"814":0,"815":0,"816":0,"817":0,"818":0,"820":0,"821":0,"822":0,"823":0,"824":0,"825":0,"827":0,"828":0,"829":0,"830":0,"831":0,"833":0,"834":0,"838":0,"840":0,"843":0,"844":0,"845":0,"846":0,"848":0,"849":0,"850":0,"852":0,"855":0,"857":0,"858":0,"859":0,"860":0,"861":0,"862":0,"864":0,"866":0,"867":0,"868":0,"869":0,"870":0,"872":0,"873":0,"874":0,"875":0,"876":0,"877":0,"878":0,"879":0,"881":0,"882":0,"884":0,"886":0,"887":0,"888":0,"889":0,"892":0,"893":0,"894":0,"895":0,"896":0,"897":0,"899":0,"900":0,"901":0,"902":0,"903":0,"906":0,"909":0,"910":0,"912":0,"913":0,"916":0,"917":0,"919":0,"920":0,"923":0,"924":0,"925":0,"926":0,"927":0,"929":0,"930":0,"933":0,"934":0,"936":0,"937":0,"940":0,"941":0,"943":0,"944":0,"947":0,"948":0,"950":0,"951":0,"954":0,"955":0,"956":0,"957":0,"958":0,"960":0,"961":0,"964":0,"965":0,"967":0,"968":0,"971":0,"972":0,"974":0,"975":0,"978":0,"979":0,"980":0,"981":0,"982":0,"984":0,"985":0,"988":0,"989":0,"990":0,"992":0,"993":0,"996":0,"997":0,"998":0,"999":0,"1000":0,"1001":0,"1002":0,"1004":0,"1005":0,"1006":0,"1007":0,"1008":0,"1009":0,"1011":0,"1012":0,"1013":0,"1014":0,"1016":0,"1017":0,"1019":0,"1022":0,"1025":0,"1026":0,"1041":1,"1044":0,"1047":1,"1048":0,"1049":0,"1053":0,"1055":0,"1058":0,"1060":0,"1065":0,"1066":0,"1067":0,"1071":0,"1073":0,"1078":0,"1079":0,"1081":0,"1085":0,"1087":0,"1088":0,"1101":1,"1102":0,"1104":0,"1109":0,"1111":0,"1115":0,"1128":1,"1134":1,"1135":0,"1138":1,"1142":0,"1149":0,"1156":1,"1169":0,"1177":0,"1184":1,"1185":0,"1208":1,"1212":0,"1219":0,"1224":0,"1226":0,"1233":1,"1235":0,"1245":0,"1246":0,"1249":0,"1253":0,"1254":0,"1257":0,"1259":1,"1263":0,"1264":0,"1267":0,"1271":0,"1275":0,"1278":0,"1281":0,"1283":0,"1290":0,"1292":0,"1295":0,"1303":0,"1305":0,"1307":0,"1308":0,"1311":0,"1312":0,"1315":0,"1317":0,"1327":0,"1334":0,"1336":0,"1352":0,"1366":0,"1368":0,"1433":0,"1434":0,"1455":1,"1456":0,"1460":0,"1463":0,"1489":0,"1496":1,"1498":0,"1503":1,"1511":0,"1513":0,"1525":1,"1527":0,"1529":0,"1531":0,"1536":0,"1540":0,"1546":0,"1557":1,"1559":0,"1574":1,"1576":0,"1580":0,"1583":0,"1589":0,"1591":0,"1598":1,"1600":0,"1602":0,"1608":0,"1609":0,"1610":0,"1611":0,"1612":0,"1629":0,"1635":0,"1636":0,"1637":0,"1639":0,"1649":1,"1651":0,"1655":0,"1658":0,"1668":1,"1670":0,"1672":0,"1673":0,"1675":0,"1685":0,"1691":1,"1694":0,"1696":0,"1697":0,"1699":0,"1710":1,"1713":0,"1719":0,"1725":1,"1726":0,"1729":0,"1752":1,"1754":0,"1760":0,"1763":0,"1770":0,"1779":0,"1786":1,"1788":0,"1789":0,"1800":1,"1802":0,"1805":0,"1807":0,"1822":1,"1828":0,"1831":0,"1855":1,"1861":0,"1863":0,"1864":0,"1872":0,"1879":1,"1881":0,"1897":0,"1917":0,"1930":1,"1931":0,"1942":1,"1951":0,"1955":0,"1965":0,"1967":0,"1969":0,"1972":0,"1992":1,"1999":0,"2002":1,"2003":0,"2004":0,"2008":0,"2018":0,"2024":0,"2025":0,"2028":0,"2029":0,"2031":0,"2035":0,"2040":0,"2042":0,"2046":0,"2050":0,"2051":0,"2052":0,"2055":0,"2056":0,"2063":0,"2067":0,"2069":0,"2107":1,"2109":0,"2113":1,"2114":0,"2122":1,"2124":0,"2128":0,"2130":0,"2131":0,"2135":0,"2142":0,"2171":1,"2172":0,"2173":0,"2176":0,"2193":1,"2195":0,"2200":1,"2208":0,"2210":0,"2231":1,"2233":0,"2235":0,"2237":0,"2253":0,"2255":0,"2263":0,"2268":0,"2270":0,"2271":0,"2277":0,"2279":0,"2281":0,"2282":0,"2284":0,"2286":0,"2304":1,"2306":0,"2317":0,"2322":0,"2327":0,"2330":0,"2334":0,"2339":0,"2343":0,"2351":0,"2353":0,"2355":0,"2358":0,"2365":0,"2367":0,"2370":0,"2381":1,"2382":0,"2383":0,"2390":1,"2394":0,"2396":0,"2398":0,"2400":0,"2402":0,"2403":0,"2406":0,"2408":0,"2410":0,"2411":0,"2415":0,"2422":1,"2423":0,"2424":0,"2425":0,"2429":0,"2440":1,"2441":0,"2444":1,"2445":0,"2446":0,"2448":0,"2450":0,"2451":0,"2453":0,"2459":1,"2461":0,"2463":0,"2464":0,"2466":0,"2469":0,"2479":1,"2481":0,"2482":0,"2489":1,"2491":0,"2492":0,"2495":0,"2498":0,"2504":0,"2505":0,"2512":0,"2514":0,"2515":0,"2525":0,"2559":1,"2561":0,"2567":0,"2569":0,"2579":0,"2581":0,"2583":0,"2585":0,"2588":1,"2590":0,"2597":0,"2598":0,"2602":0,"2605":0,"2608":0,"2612":1,"2614":0,"2616":0,"2617":0,"2619":0,"2622":0,"2624":0,"2627":0,"2631":1,"2639":0,"2645":0,"2646":0,"2652":0,"2662":0,"2676":0,"2683":0,"2684":0,"2688":0,"2689":0,"2690":0,"2691":0,"2693":0,"2698":2,"2699":2,"2701":2}},"/home/travis/build/npmtest/node-npmtest-react-native-fetch-blob/node_modules/react-native-fetch-blob/scripts/prelink.js":{"path":"/home/travis/build/npmtest/node-npmtest-react-native-fetch-blob/node_modules/react-native-fetch-blob/scripts/prelink.js","s":{"1":1,"2":1,"3":1,"4":1,"5":1,"6":0,"7":0,"8":0,"9":0,"10":0,"11":0,"12":0,"13":0,"14":0,"15":0,"16":0,"17":0,"18":0,"19":0,"20":0,"21":0,"22":0,"23":0,"24":0,"25":0,"26":0,"27":0,"28":0,"29":0,"30":1,"31":0,"32":0,"33":1},"b":{"1":[0,0],"2":[0,0],"3":[0,0]},"f":{"1":0,"2":0},"fnMap":{"1":{"name":"(anonymous_1)","line":29,"loc":{"start":{"line":29,"column":31},"end":{"line":29,"column":51}}},"2":{"name":"checkVersion","line":60,"loc":{"start":{"line":60,"column":2},"end":{"line":60,"column":26}}}},"statementMap":{"1":{"start":{"line":1,"column":0},"end":{"line":71,"column":1}},"2":{"start":{"line":2,"column":2},"end":{"line":2,"column":25}},"3":{"start":{"line":3,"column":2},"end":{"line":3,"column":29}},"4":{"start":{"line":4,"column":2},"end":{"line":4,"column":77}},"5":{"start":{"line":5,"column":2},"end":{"line":5,"column":99}},"6":{"start":{"line":6,"column":2},"end":{"line":6,"column":53}},"7":{"start":{"line":7,"column":2},"end":{"line":7,"column":58}},"8":{"start":{"line":8,"column":2},"end":{"line":8,"column":30}},"9":{"start":{"line":9,"column":2},"end":{"line":9,"column":99}},"10":{"start":{"line":10,"column":2},"end":{"line":10,"column":31}},"11":{"start":{"line":12,"column":2},"end":{"line":12,"column":64}},"12":{"start":{"line":14,"column":2},"end":{"line":22,"column":3}},"13":{"start":{"line":15,"column":4},"end":{"line":15,"column":187}},"14":{"start":{"line":17,"column":4},"end":{"line":17,"column":47}},"15":{"start":{"line":18,"column":4},"end":{"line":18,"column":68}},"16":{"start":{"line":19,"column":4},"end":{"line":19,"column":119}},"17":{"start":{"line":20,"column":4},"end":{"line":20,"column":43}},"18":{"start":{"line":21,"column":4},"end":{"line":21,"column":70}},"19":{"start":{"line":24,"column":2},"end":{"line":24,"column":80}},"20":{"start":{"line":26,"column":2},"end":{"line":58,"column":3}},"21":{"start":{"line":29,"column":4},"end":{"line":51,"column":6}},"22":{"start":{"line":31,"column":6},"end":{"line":49,"column":7}},"23":{"start":{"line":32,"column":8},"end":{"line":32,"column":119}},"24":{"start":{"line":35,"column":8},"end":{"line":35,"column":68}},"25":{"start":{"line":37,"column":8},"end":{"line":40,"column":9}},"26":{"start":{"line":42,"column":8},"end":{"line":45,"column":9}},"27":{"start":{"line":46,"column":8},"end":{"line":46,"column":46}},"28":{"start":{"line":47,"column":8},"end":{"line":47,"column":70}},"29":{"start":{"line":54,"column":4},"end":{"line":57,"column":69}},"30":{"start":{"line":60,"column":2},"end":{"line":63,"column":3}},"31":{"start":{"line":61,"column":4},"end":{"line":61,"column":55}},"32":{"start":{"line":62,"column":4},"end":{"line":62,"column":82}},"33":{"start":{"line":66,"column":2},"end":{"line":70,"column":92}}},"branchMap":{"1":{"line":14,"type":"if","locations":[{"start":{"line":14,"column":2},"end":{"line":14,"column":2}},{"start":{"line":14,"column":2},"end":{"line":14,"column":2}}]},"2":{"line":26,"type":"if","locations":[{"start":{"line":26,"column":2},"end":{"line":26,"column":2}},{"start":{"line":26,"column":2},"end":{"line":26,"column":2}}]},"3":{"line":31,"type":"if","locations":[{"start":{"line":31,"column":6},"end":{"line":31,"column":6}},{"start":{"line":31,"column":6},"end":{"line":31,"column":6}}]}},"code":["try {","  var fs = require('fs');","  var glob = require('glob');","  var addAndroidPermissions = process.env.RNFB_ANDROID_PERMISSIONS == 'true';","  var MANIFEST_PATH = glob.sync(process.cwd() + '/android/app/src/main/**/AndroidManifest.xml')[0];","  var PACKAGE_JSON = process.cwd() + '/package.json';","  var package = JSON.parse(fs.readFileSync(PACKAGE_JSON));","  var APP_NAME = package.name;","  var PACKAGE_GRADLE = process.cwd() + '/node_modules/react-native-fetch-blob/android/build.gradle'","  var VERSION = checkVersion();","","  console.log('RNFetchBlob detected app version => ' + VERSION);","","  if(VERSION < 0.28) {","    console.log('You project version is '+ VERSION + ' which may not compatible to react-native-fetch-blob 7.0+, please consider upgrade your application template to react-native 0.27+.')","    // add OkHttp3 dependency fo pre 0.28 project","    var main = fs.readFileSync(PACKAGE_GRADLE);","    console.log('adding OkHttp3 dependency to pre 0.28 project .. ')","    main = String(main).replace('//{RNFetchBlob_PRE_0.28_DEPDENDENCY}', \"compile 'com.squareup.okhttp3:okhttp:3.4.1'\");","    fs.writeFileSync(PACKAGE_GRADLE, main);","    console.log('adding OkHttp3 dependency to pre 0.28 project .. ok')","  }","","  console.log('Add Android permissions => ' + (addAndroidPermissions == \"true\"))","","  if(addAndroidPermissions) {","","    // set file access permission for Android < 6.0","    fs.readFile(MANIFEST_PATH, function(err, data) {","","      if(err)","        console.log('failed to locate AndroidManifest.xml file, you may have to add file access permission manually.');","      else {","","        console.log('RNFetchBlob patching AndroidManifest.xml .. ');","        // append fs permission","        data = String(data).replace(","          '<uses-permission android:name=\"android.permission.INTERNET\" />',","          '<uses-permission android:name=\"android.permission.INTERNET\" />\\n    <uses-permission android:name=\"android.permission.WRITE_EXTERNAL_STORAGE\" /> '","        )","        // append DOWNLOAD_COMPLETE intent permission","        data = String(data).replace(","          '<category android:name=\"android.intent.category.LAUNCHER\" />',","          '<category android:name=\"android.intent.category.LAUNCHER\" />\\n     <action android:name=\"android.intent.action.DOWNLOAD_COMPLETE\"/>'","        )","        fs.writeFileSync(MANIFEST_PATH, data);","        console.log('RNFetchBlob patching AndroidManifest.xml .. ok');","","      }","","    })","  }","  else {","    console.log(","      '\\033[95mreact-native-fetch-blob \\033[97mwill not automatically add Android permissions after \\033[92m0.9.4 '+","      '\\033[97mplease run the following command if you want to add default permissions :\\n\\n' +","      '\\033[96m\\tRNFB_ANDROID_PERMISSIONS=true react-native link \\n')","  }","","  function checkVersion() {","    console.log('RNFetchBlob checking app version ..');","    return parseFloat(/\\d\\.\\d+(?=\\.)/.exec(package.dependencies['react-native']));","  }","","} catch(err) {","  console.log(","    '\\033[95mreact-native-fetch-blob\\033[97m link \\033[91mFAILED \\033[97m\\nCould not automatically link package :'+","    err.stack +","    'please follow the instructions to manually link the library : ' +","    '\\033[4mhttps://github.com/wkh237/react-native-fetch-blob/wiki/Manually-Link-Package\\n')","}",""],"l":{"1":1,"2":1,"3":1,"4":1,"5":1,"6":0,"7":0,"8":0,"9":0,"10":0,"12":0,"14":0,"15":0,"17":0,"18":0,"19":0,"20":0,"21":0,"24":0,"26":0,"29":0,"31":0,"32":0,"35":0,"37":0,"42":0,"46":0,"47":0,"54":0,"60":1,"61":0,"62":0,"66":1}}}